              :-) GROMACS - gmx mdrun, 2020.1-Ubuntu-2020.1-1 (-:

                            GROMACS is written by:
     Emile Apol      Rossen Apostolov      Paul Bauer     Herman J.C. Berendsen
    Par Bjelkmar      Christian Blau   Viacheslav Bolnykh     Kevin Boyd    
 Aldert van Buuren   Rudi van Drunen     Anton Feenstra       Alan Gray     
  Gerrit Groenhof     Anca Hamuraru    Vincent Hindriksen  M. Eric Irrgang  
  Aleksei Iupinov   Christoph Junghans     Joe Jordan     Dimitrios Karkoulis
    Peter Kasson        Jiri Kraus      Carsten Kutzner      Per Larsson    
  Justin A. Lemkul    Viveca Lindahl    Magnus Lundborg     Erik Marklund   
    Pascal Merz     Pieter Meulenhoff    Teemu Murtola       Szilard Pall   
    Sander Pronk      Roland Schulz      Michael Shirts    Alexey Shvetsov  
   Alfons Sijbers     Peter Tieleman      Jon Vincent      Teemu Virolainen 
 Christian Wennberg    Maarten Wolf      Artem Zhmurov   
                           and the project leaders:
        Mark Abraham, Berk Hess, Erik Lindahl, and David van der Spoel

Copyright (c) 1991-2000, University of Groningen, The Netherlands.
Copyright (c) 2001-2019, The GROMACS development team at
Uppsala University, Stockholm University and
the Royal Institute of Technology, Sweden.
check out http://www.gromacs.org for more information.

GROMACS is free software; you can redistribute it and/or modify it
under the terms of the GNU Lesser General Public License
as published by the Free Software Foundation; either version 2.1
of the License, or (at your option) any later version.

GROMACS:      gmx mdrun, version 2020.1-Ubuntu-2020.1-1
Executable:   /usr/bin/gmx
Data prefix:  /usr
Working dir:  /mnt/c/Users/Josh/Desktop/git/fragment-screening/scripts/fragment_builder
Process ID:   933
Command line:
  gmx mdrun -s ./combo_folder/ILE/combo_em_ILE900.tpr -v -deffnm ./combo_folder/ILE/combo_em_ILE900

GROMACS version:    2020.1-Ubuntu-2020.1-1
Precision:          single
Memory model:       64 bit
MPI library:        thread_mpi
OpenMP support:     enabled (GMX_OPENMP_MAX_THREADS = 64)
GPU support:        disabled
SIMD instructions:  SSE2
FFT library:        fftw-3.3.8-sse2-avx
RDTSCP usage:       disabled
TNG support:        enabled
Hwloc support:      hwloc-2.1.0
Tracing support:    disabled
C compiler:         /usr/bin/cc GNU 9.3.0
C compiler flags:   -msse2 -fexcess-precision=fast -funroll-all-loops
C++ compiler:       /usr/bin/c++ GNU 9.3.0
C++ compiler flags: -msse2 -fexcess-precision=fast -funroll-all-loops -fopenmp


Running on 1 node with total 6 cores, 12 logical cores
Hardware detected:
  CPU info:
    Vendor: Intel
    Brand:  Intel(R) Core(TM) i7-8750H CPU @ 2.20GHz
    Family: 6   Model: 158   Stepping: 10
    Features: aes apic avx avx2 clfsh cmov cx8 cx16 f16c fma htt intel lahf mmx msr nonstop_tsc pcid pclmuldq pdcm pdpe1gb popcnt pse rdrnd rdtscp sse2 sse3 sse4.1 sse4.2 ssse3 tdt x2apic
  Hardware topology: Basic
    Sockets, cores, and logical processors:
      Socket  0: [   0   1] [   2   3] [   4   5] [   6   7] [   8   9] [  10  11]

Highest SIMD level requested by all nodes in run: AVX2_256
SIMD instructions selected at compile time:       SSE2
This program was compiled for different hardware than you are running on,
which could influence performance.
The current CPU can measure timings more accurately than the code in
gmx mdrun was configured to use. This might affect your simulation
speed as accurate timings are needed for load-balancing.
Please consider rebuilding gmx mdrun with the GMX_USE_RDTSCP=ON CMake option.

++++ PLEASE READ AND CITE THE FOLLOWING REFERENCE ++++
M. J. Abraham, T. Murtola, R. Schulz, S. Páll, J. C. Smith, B. Hess, E.
Lindahl
GROMACS: High performance molecular simulations through multi-level
parallelism from laptops to supercomputers
SoftwareX 1 (2015) pp. 19-25
-------- -------- --- Thank You --- -------- --------


++++ PLEASE READ AND CITE THE FOLLOWING REFERENCE ++++
S. Páll, M. J. Abraham, C. Kutzner, B. Hess, E. Lindahl
Tackling Exascale Software Challenges in Molecular Dynamics Simulations with
GROMACS
In S. Markidis & E. Laure (Eds.), Solving Software Challenges for Exascale 8759 (2015) pp. 3-27
-------- -------- --- Thank You --- -------- --------


++++ PLEASE READ AND CITE THE FOLLOWING REFERENCE ++++
S. Pronk, S. Páll, R. Schulz, P. Larsson, P. Bjelkmar, R. Apostolov, M. R.
Shirts, J. C. Smith, P. M. Kasson, D. van der Spoel, B. Hess, and E. Lindahl
GROMACS 4.5: a high-throughput and highly parallel open source molecular
simulation toolkit
Bioinformatics 29 (2013) pp. 845-54
-------- -------- --- Thank You --- -------- --------


++++ PLEASE READ AND CITE THE FOLLOWING REFERENCE ++++
B. Hess and C. Kutzner and D. van der Spoel and E. Lindahl
GROMACS 4: Algorithms for highly efficient, load-balanced, and scalable
molecular simulation
J. Chem. Theory Comput. 4 (2008) pp. 435-447
-------- -------- --- Thank You --- -------- --------


++++ PLEASE READ AND CITE THE FOLLOWING REFERENCE ++++
D. van der Spoel, E. Lindahl, B. Hess, G. Groenhof, A. E. Mark and H. J. C.
Berendsen
GROMACS: Fast, Flexible and Free
J. Comp. Chem. 26 (2005) pp. 1701-1719
-------- -------- --- Thank You --- -------- --------


++++ PLEASE READ AND CITE THE FOLLOWING REFERENCE ++++
E. Lindahl and B. Hess and D. van der Spoel
GROMACS 3.0: A package for molecular simulation and trajectory analysis
J. Mol. Mod. 7 (2001) pp. 306-317
-------- -------- --- Thank You --- -------- --------


++++ PLEASE READ AND CITE THE FOLLOWING REFERENCE ++++
H. J. C. Berendsen, D. van der Spoel and R. van Drunen
GROMACS: A message-passing parallel molecular dynamics implementation
Comp. Phys. Comm. 91 (1995) pp. 43-56
-------- -------- --- Thank You --- -------- --------

Input Parameters:
   integrator                     = steep
   tinit                          = 0
   dt                             = 0.001
   nsteps                         = 50000
   init-step                      = 0
   simulation-part                = 1
   comm-mode                      = Linear
   nstcomm                        = 100
   bd-fric                        = 0
   ld-seed                        = -1854257931
   emtol                          = 1000
   emstep                         = 0.01
   niter                          = 20
   fcstep                         = 0
   nstcgsteep                     = 1000
   nbfgscorr                      = 10
   rtpi                           = 0.05
   nstxout                        = 0
   nstvout                        = 0
   nstfout                        = 0
   nstlog                         = 1000
   nstcalcenergy                  = 100
   nstenergy                      = 1000
   nstxout-compressed             = 0
   compressed-x-precision         = 1000
   cutoff-scheme                  = Verlet
   nstlist                        = 1
   pbc                            = xyz
   periodic-molecules             = false
   verlet-buffer-tolerance        = 0.005
   rlist                          = 1
   coulombtype                    = PME
   coulomb-modifier               = Potential-shift
   rcoulomb-switch                = 0
   rcoulomb                       = 1
   epsilon-r                      = 1
   epsilon-rf                     = inf
   vdw-type                       = Cut-off
   vdw-modifier                   = Potential-shift
   rvdw-switch                    = 0
   rvdw                           = 1
   DispCorr                       = No
   table-extension                = 1
   fourierspacing                 = 0.12
   fourier-nx                     = 72
   fourier-ny                     = 72
   fourier-nz                     = 72
   pme-order                      = 4
   ewald-rtol                     = 1e-05
   ewald-rtol-lj                  = 0.001
   lj-pme-comb-rule               = Geometric
   ewald-geometry                 = 0
   epsilon-surface                = 0
   tcoupl                         = No
   nsttcouple                     = -1
   nh-chain-length                = 0
   print-nose-hoover-chain-variables = false
   pcoupl                         = No
   pcoupltype                     = Isotropic
   nstpcouple                     = -1
   tau-p                          = 1
   compressibility (3x3):
      compressibility[    0]={ 0.00000e+00,  0.00000e+00,  0.00000e+00}
      compressibility[    1]={ 0.00000e+00,  0.00000e+00,  0.00000e+00}
      compressibility[    2]={ 0.00000e+00,  0.00000e+00,  0.00000e+00}
   ref-p (3x3):
      ref-p[    0]={ 0.00000e+00,  0.00000e+00,  0.00000e+00}
      ref-p[    1]={ 0.00000e+00,  0.00000e+00,  0.00000e+00}
      ref-p[    2]={ 0.00000e+00,  0.00000e+00,  0.00000e+00}
   refcoord-scaling               = No
   posres-com (3):
      posres-com[0]= 0.00000e+00
      posres-com[1]= 0.00000e+00
      posres-com[2]= 0.00000e+00
   posres-comB (3):
      posres-comB[0]= 0.00000e+00
      posres-comB[1]= 0.00000e+00
      posres-comB[2]= 0.00000e+00
   QMMM                           = false
   QMconstraints                  = 0
   QMMMscheme                     = 0
   MMChargeScaleFactor            = 1
qm-opts:
   ngQM                           = 0
   constraint-algorithm           = Lincs
   continuation                   = false
   Shake-SOR                      = false
   shake-tol                      = 0.0001
   lincs-order                    = 4
   lincs-iter                     = 1
   lincs-warnangle                = 30
   nwall                          = 0
   wall-type                      = 9-3
   wall-r-linpot                  = -1
   wall-atomtype[0]               = -1
   wall-atomtype[1]               = -1
   wall-density[0]                = 0
   wall-density[1]                = 0
   wall-ewald-zfac                = 3
   pull                           = false
   awh                            = false
   rotation                       = false
   interactiveMD                  = false
   disre                          = No
   disre-weighting                = Conservative
   disre-mixed                    = false
   dr-fc                          = 1000
   dr-tau                         = 0
   nstdisreout                    = 100
   orire-fc                       = 0
   orire-tau                      = 0
   nstorireout                    = 100
   free-energy                    = no
   cos-acceleration               = 0
   deform (3x3):
      deform[    0]={ 0.00000e+00,  0.00000e+00,  0.00000e+00}
      deform[    1]={ 0.00000e+00,  0.00000e+00,  0.00000e+00}
      deform[    2]={ 0.00000e+00,  0.00000e+00,  0.00000e+00}
   simulated-tempering            = false
   swapcoords                     = no
   userint1                       = 0
   userint2                       = 0
   userint3                       = 0
   userint4                       = 0
   userreal1                      = 0
   userreal2                      = 0
   userreal3                      = 0
   userreal4                      = 0
   applied-forces:
     electric-field:
       x:
         E0                       = 0
         omega                    = 0
         t0                       = 0
         sigma                    = 0
       y:
         E0                       = 0
         omega                    = 0
         t0                       = 0
         sigma                    = 0
       z:
         E0                       = 0
         omega                    = 0
         t0                       = 0
         sigma                    = 0
     density-guided-simulation:
       active                     = false
       group                      = protein
       similarity-measure         = inner-product
       atom-spreading-weight      = unity
       force-constant             = 1e+09
       gaussian-transform-spreading-width = 0.2
       gaussian-transform-spreading-range-in-multiples-of-width = 4
       reference-density-filename = reference.mrc
       nst                        = 1
       normalize-densities        = true
       adaptive-force-scaling     = false
       adaptive-force-scaling-time-constant = 4
grpopts:
   nrdf:       72387
   ref-t:           0
   tau-t:           0
annealing:          No
annealing-npoints:           0
   acc:	           0           0           0
   nfreeze:           N           N           N
   energygrp-flags[  0]: 0


Using 1 MPI thread

Non-default thread affinity set, disabling internal thread affinity

Using 12 OpenMP threads 

System total charge: 0.000
Will do PME sum in reciprocal space for electrostatic interactions.

++++ PLEASE READ AND CITE THE FOLLOWING REFERENCE ++++
U. Essmann, L. Perera, M. L. Berkowitz, T. Darden, H. Lee and L. G. Pedersen 
A smooth particle mesh Ewald method
J. Chem. Phys. 103 (1995) pp. 8577-8592
-------- -------- --- Thank You --- -------- --------

Using a Gaussian width (1/beta) of 0.320163 nm for Ewald
Potential shift: LJ r^-12: -1.000e+00 r^-6: -1.000e+00, Ewald -1.000e-05
Initialized non-bonded Coulomb Ewald tables, spacing: 9.33e-04 size: 1073

Generated table with 1000 data points for 1-4 COUL.
Tabscale = 500 points/nm
Generated table with 1000 data points for 1-4 LJ6.
Tabscale = 500 points/nm
Generated table with 1000 data points for 1-4 LJ12.
Tabscale = 500 points/nm

Using SIMD 4x4 nonbonded short-range kernels

Using a 4x4 pair-list setup:
  updated every 1 steps, buffer 0.000 nm, rlist 1.000 nm

Using Lorentz-Berthelot Lennard-Jones combination rule

Removing pbc first time

++++ PLEASE READ AND CITE THE FOLLOWING REFERENCE ++++
S. Miyamoto and P. A. Kollman
SETTLE: An Analytical Version of the SHAKE and RATTLE Algorithms for Rigid
Water Models
J. Comp. Chem. 13 (1992) pp. 952-962
-------- -------- --- Thank You --- -------- --------


Note that activating steepest-descent energy minimization via the integrator .mdp option and the command gmx mdrun may be available in a different form in a future version of GROMACS, e.g. gmx minimize and an .mdp option.
Initiating Steepest Descents
Started Steepest Descents on rank 0 Fri Sep  2 16:11:03 2022


Steepest Descents:
   Tolerance (Fmax)   =  1.00000e+03
   Number of steps    =        50000
           Step           Time
              0        0.00000

   Energies (kJ/mol)
           Bond          Angle    Proper Dih.          LJ-14     Coulomb-14
    3.01202e+04    1.23686e+05    7.01476e+03    1.55277e+04    4.95632e+05
        LJ (SR)   Coulomb (SR)   Coul. recip.      Potential Pressure (bar)
    3.77281e+04   -4.29670e+05    8.83945e+03    2.88878e+05    5.41492e+03

           Step           Time
              1        1.00000

   Energies (kJ/mol)
           Bond          Angle    Proper Dih.          LJ-14     Coulomb-14
    2.73086e+04    1.22552e+05    7.00587e+03    1.55490e+04    4.95387e+05
        LJ (SR)   Coulomb (SR)   Coul. recip.      Potential Pressure (bar)
    3.10275e+04   -4.29553e+05    8.76894e+03    2.78046e+05    4.69787e+03

           Step           Time
              2        2.00000

   Energies (kJ/mol)
           Bond          Angle    Proper Dih.          LJ-14     Coulomb-14
    1.99356e+04    1.19327e+05    6.98661e+03    1.56045e+04    4.94524e+05
        LJ (SR)   Coulomb (SR)   Coul. recip.      Potential Pressure (bar)
    2.38571e+04   -4.29046e+05    8.55238e+03    2.59741e+05    4.15756e+03

           Step           Time
              3        3.00000

   Energies (kJ/mol)
           Bond          Angle    Proper Dih.          LJ-14     Coulomb-14
    1.00804e+04    1.12938e+05    6.96766e+03    1.56342e+04    4.91476e+05
        LJ (SR)   Coulomb (SR)   Coul. recip.      Potential Pressure (bar)
    1.84353e+04   -4.27301e+05    8.02091e+03    2.36252e+05    3.70700e+03

           Step           Time
              4        4.00000

   Energies (kJ/mol)
           Bond          Angle    Proper Dih.          LJ-14     Coulomb-14
    9.18268e+03    1.07237e+05    7.00956e+03    1.48843e+04    4.84196e+05
        LJ (SR)   Coulomb (SR)   Coul. recip.      Potential Pressure (bar)
    1.63106e+04   -4.24799e+05    7.86434e+03    2.21885e+05    2.75449e+02

           Step           Time
              5        5.00000

   Energies (kJ/mol)
           Bond          Angle    Proper Dih.          LJ-14     Coulomb-14
    7.78191e+03    1.07877e+05    7.02127e+03    1.51214e+04    4.81357e+05
        LJ (SR)   Coulomb (SR)   Coul. recip.      Potential Pressure (bar)
    1.37468e+04   -4.24134e+05    7.43005e+03    2.16201e+05    2.23507e+03

           Step           Time
              6        6.00000

   Energies (kJ/mol)
           Bond          Angle    Proper Dih.          LJ-14     Coulomb-14
    1.00097e+04    1.06107e+05    7.00333e+03    1.46355e+04    4.78799e+05
        LJ (SR)   Coulomb (SR)   Coul. recip.      Potential Pressure (bar)
    1.42181e+04   -4.23526e+05    7.72503e+03    2.14972e+05    8.35447e+02

           Step           Time
              7        7.00000

   Energies (kJ/mol)
           Bond          Angle    Proper Dih.          LJ-14     Coulomb-14
    9.68234e+03    1.06975e+05    6.99402e+03    1.48311e+04    4.76869e+05
        LJ (SR)   Coulomb (SR)   Coul. recip.      Potential Pressure (bar)
    1.23993e+04   -4.23103e+05    7.27673e+03    2.11924e+05    2.23107e+03

           Step           Time
              8        8.00000

   Energies (kJ/mol)
           Bond          Angle    Proper Dih.          LJ-14     Coulomb-14
    8.90447e+03    1.06402e+05    7.01198e+03    1.44429e+04    4.74696e+05
        LJ (SR)   Coulomb (SR)   Coul. recip.      Potential Pressure (bar)
    1.27270e+04   -4.22310e+05    7.54852e+03    2.09423e+05    9.46190e+02

           Step           Time
              9        9.00000

           Step           Time
             10       10.00000

   Energies (kJ/mol)
           Bond          Angle    Proper Dih.          LJ-14     Coulomb-14
    4.98784e+03    1.05153e+05    6.98813e+03    1.44968e+04    4.74036e+05
        LJ (SR)   Coulomb (SR)   Coul. recip.      Potential Pressure (bar)
    1.19434e+04   -4.22324e+05    7.34471e+03    2.02625e+05    1.60589e+03

           Step           Time
             11       11.00000

   Energies (kJ/mol)
           Bond          Angle    Proper Dih.          LJ-14     Coulomb-14
    7.79470e+03    1.07919e+05    7.02262e+03    1.40912e+04    4.67978e+05
        LJ (SR)   Coulomb (SR)   Coul. recip.      Potential Pressure (bar)
    1.08382e+04   -4.20382e+05    7.28705e+03    2.02549e+05    9.55532e+02

           Step           Time
             12       12.00000

   Energies (kJ/mol)
           Bond          Angle    Proper Dih.          LJ-14     Coulomb-14
    5.79254e+03    1.05765e+05    6.97839e+03    1.40995e+04    4.67913e+05
        LJ (SR)   Coulomb (SR)   Coul. recip.      Potential Pressure (bar)
    1.02350e+04   -4.20791e+05    7.15283e+03    1.97145e+05    1.30248e+03

           Step           Time
             13       13.00000

           Step           Time
             14       14.00000

   Energies (kJ/mol)
           Bond          Angle    Proper Dih.          LJ-14     Coulomb-14
    5.03428e+03    1.06466e+05    6.99552e+03    1.39962e+04    4.66619e+05
        LJ (SR)   Coulomb (SR)   Coul. recip.      Potential Pressure (bar)
    1.00708e+04   -4.20259e+05    7.17848e+03    1.96102e+05    1.10187e+03

           Step           Time
             15       15.00000

   Energies (kJ/mol)
           Bond          Angle    Proper Dih.          LJ-14     Coulomb-14
    6.42674e+03    1.06192e+05    6.96874e+03    1.39500e+04    4.65868e+05
        LJ (SR)   Coulomb (SR)   Coul. recip.      Potential Pressure (bar)
    9.59743e+03   -4.20342e+05    7.09017e+03    1.95751e+05    1.17553e+03

           Step           Time
             16       16.00000

   Energies (kJ/mol)
           Bond          Angle    Proper Dih.          LJ-14     Coulomb-14
    5.33798e+03    1.07240e+05    6.99470e+03    1.38519e+04    4.64598e+05
        LJ (SR)   Coulomb (SR)   Coul. recip.      Potential Pressure (bar)
    9.48029e+03   -4.19742e+05    7.13619e+03    1.94898e+05    9.35436e+02

           Step           Time
             17       17.00000

           Step           Time
             18       18.00000

   Energies (kJ/mol)
           Bond          Angle    Proper Dih.          LJ-14     Coulomb-14
    5.20349e+03    1.06480e+05    6.97555e+03    1.38349e+04    4.64406e+05
        LJ (SR)   Coulomb (SR)   Coul. recip.      Potential Pressure (bar)
    9.24221e+03   -4.19881e+05    7.08296e+03    1.93344e+05    1.03158e+03

           Step           Time
             19       19.00000

   Energies (kJ/mol)
           Bond          Angle    Proper Dih.          LJ-14     Coulomb-14
    5.63676e+03    1.08289e+05    6.99072e+03    1.36440e+04    4.61712e+05
        LJ (SR)   Coulomb (SR)   Coul. recip.      Potential Pressure (bar)
    8.57647e+03   -4.19069e+05    7.06665e+03    1.92847e+05    7.10423e+02

           Step           Time
             20       20.00000

   Energies (kJ/mol)
           Bond          Angle    Proper Dih.          LJ-14     Coulomb-14
    5.64695e+03    1.07126e+05    6.96469e+03    1.36320e+04    4.61697e+05
        LJ (SR)   Coulomb (SR)   Coul. recip.      Potential Pressure (bar)
    8.33483e+03   -4.19320e+05    7.00387e+03    1.91086e+05    8.46491e+02

           Step           Time
             21       21.00000

           Step           Time
             22       22.00000

   Energies (kJ/mol)
           Bond          Angle    Proper Dih.          LJ-14     Coulomb-14
    5.11996e+03    1.07762e+05    6.97612e+03    1.35802e+04    4.60997e+05
        LJ (SR)   Coulomb (SR)   Coul. recip.      Potential Pressure (bar)
    8.18704e+03   -4.19044e+05    7.01908e+03    1.90598e+05    7.28107e+02

           Step           Time
             23       23.00000

   Energies (kJ/mol)
           Bond          Angle    Proper Dih.          LJ-14     Coulomb-14
    5.96852e+03    1.07364e+05    6.95811e+03    1.35487e+04    4.60688e+05
        LJ (SR)   Coulomb (SR)   Coul. recip.      Potential Pressure (bar)
    7.92805e+03   -4.19159e+05    6.97160e+03    1.90268e+05    7.69292e+02

           Step           Time
             24       24.00000

   Energies (kJ/mol)
           Bond          Angle    Proper Dih.          LJ-14     Coulomb-14
    5.21565e+03    1.08222e+05    6.97518e+03    1.34994e+04    4.59992e+05
        LJ (SR)   Coulomb (SR)   Coul. recip.      Potential Pressure (bar)
    7.80791e+03   -4.18836e+05    6.99955e+03    1.89875e+05    6.23267e+02

           Step           Time
             25       25.00000

   Energies (kJ/mol)
           Bond          Angle    Proper Dih.          LJ-14     Coulomb-14
    6.48744e+03    1.07578e+05    6.95100e+03    1.34767e+04    4.59857e+05
        LJ (SR)   Coulomb (SR)   Coul. recip.      Potential Pressure (bar)
    7.55904e+03   -4.19058e+05    6.94169e+03    1.89793e+05    7.00179e+02

           Step           Time
             26       26.00000

   Energies (kJ/mol)
           Bond          Angle    Proper Dih.          LJ-14     Coulomb-14
    5.42636e+03    1.08761e+05    6.97583e+03    1.34290e+04    4.59129e+05
        LJ (SR)   Coulomb (SR)   Coul. recip.      Potential Pressure (bar)
    7.46980e+03   -4.18660e+05    6.98627e+03    1.89516e+05    5.15843e+02

           Step           Time
             27       27.00000

           Step           Time
             28       28.00000

   Energies (kJ/mol)
           Bond          Angle    Proper Dih.          LJ-14     Coulomb-14
    5.41177e+03    1.07883e+05    6.95837e+03    1.34179e+04    4.59154e+05
        LJ (SR)   Coulomb (SR)   Coul. recip.      Potential Pressure (bar)
    7.33456e+03   -4.18836e+05    6.94738e+03    1.88271e+05    6.03576e+02

           Step           Time
             29       29.00000

           Step           Time
             30       30.00000

   Energies (kJ/mol)
           Bond          Angle    Proper Dih.          LJ-14     Coulomb-14
    5.21191e+03    1.08525e+05    6.96420e+03    1.33513e+04    4.58341e+05
        LJ (SR)   Coulomb (SR)   Coul. recip.      Potential Pressure (bar)
    7.04521e+03   -4.18623e+05    6.94780e+03    1.87764e+05    4.78478e+02

           Step           Time
             31       31.00000

   Energies (kJ/mol)
           Bond          Angle    Proper Dih.          LJ-14     Coulomb-14
    5.55083e+03    1.08067e+05    6.95190e+03    1.33366e+04    4.58286e+05
        LJ (SR)   Coulomb (SR)   Coul. recip.      Potential Pressure (bar)
    6.91695e+03   -4.18738e+05    6.91989e+03    1.87291e+05    5.20193e+02

           Step           Time
             32       32.00000

   Energies (kJ/mol)
           Bond          Angle    Proper Dih.          LJ-14     Coulomb-14
    5.26454e+03    1.08836e+05    6.96227e+03    1.32890e+04    4.57675e+05
        LJ (SR)   Coulomb (SR)   Coul. recip.      Potential Pressure (bar)
    6.72379e+03   -4.18532e+05    6.93373e+03    1.87153e+05    3.93294e+02

           Step           Time
             33       33.00000

   Energies (kJ/mol)
           Bond          Angle    Proper Dih.          LJ-14     Coulomb-14
    5.78128e+03    1.08161e+05    6.94534e+03    1.32753e+04    4.57691e+05
        LJ (SR)   Coulomb (SR)   Coul. recip.      Potential Pressure (bar)
    6.58738e+03   -4.18709e+05    6.89714e+03    1.86629e+05    4.59593e+02

           Step           Time
             34       34.00000

           Step           Time
             35       35.00000

   Energies (kJ/mol)
           Bond          Angle    Proper Dih.          LJ-14     Coulomb-14
    5.24601e+03    1.08531e+05    6.95303e+03    1.32550e+04    4.57418e+05
        LJ (SR)   Coulomb (SR)   Coul. recip.      Potential Pressure (bar)
    6.51855e+03   -4.18586e+05    6.91037e+03    1.86245e+05    3.95514e+02

           Step           Time
             36       36.00000

   Energies (kJ/mol)
           Bond          Angle    Proper Dih.          LJ-14     Coulomb-14
    5.95133e+03    1.08255e+05    6.93971e+03    1.32211e+04    4.57195e+05
        LJ (SR)   Coulomb (SR)   Coul. recip.      Potential Pressure (bar)
    6.29591e+03   -4.18696e+05    6.87898e+03    1.86041e+05    4.01962e+02

           Step           Time
             37       37.00000

   Energies (kJ/mol)
           Bond          Angle    Proper Dih.          LJ-14     Coulomb-14
    5.22135e+03    1.08772e+05    6.95093e+03    1.32000e+04    4.56886e+05
        LJ (SR)   Coulomb (SR)   Coul. recip.      Potential Pressure (bar)
    6.23061e+03   -4.18535e+05    6.89918e+03    1.85625e+05    3.19363e+02

           Step           Time
             38       38.00000

           Step           Time
             39       39.00000

   Energies (kJ/mol)
           Bond          Angle    Proper Dih.          LJ-14     Coulomb-14
    5.49055e+03    1.08447e+05    6.94221e+03    1.31874e+04    4.56856e+05
        LJ (SR)   Coulomb (SR)   Coul. recip.      Potential Pressure (bar)
    6.13810e+03   -4.18625e+05    6.88025e+03    1.85316e+05    3.44347e+02

           Step           Time
             40       40.00000

   Energies (kJ/mol)
           Bond          Angle    Proper Dih.          LJ-14     Coulomb-14
    5.22267e+03    1.08966e+05    6.94855e+03    1.31511e+04    4.56447e+05
        LJ (SR)   Coulomb (SR)   Coul. recip.      Potential Pressure (bar)
    5.97076e+03   -4.18513e+05    6.88871e+03    1.85082e+05    2.52537e+02

           Step           Time
             41       41.00000

   Energies (kJ/mol)
           Bond          Angle    Proper Dih.          LJ-14     Coulomb-14
    5.61412e+03    1.08486e+05    6.93656e+03    1.31389e+04    4.56464e+05
        LJ (SR)   Coulomb (SR)   Coul. recip.      Potential Pressure (bar)
    5.87247e+03   -4.18645e+05    6.86355e+03    1.84730e+05    2.94648e+02

           Step           Time
             42       42.00000

   Energies (kJ/mol)
           Bond          Angle    Proper Dih.          LJ-14     Coulomb-14
    5.25360e+03    1.09185e+05    6.94726e+03    1.31105e+04    4.56094e+05
        LJ (SR)   Coulomb (SR)   Coul. recip.      Potential Pressure (bar)
    5.75326e+03   -4.18499e+05    6.88171e+03    1.84726e+05    1.90425e+02

           Step           Time
             43       43.00000

   Energies (kJ/mol)
           Bond          Angle    Proper Dih.          LJ-14     Coulomb-14
    5.83889e+03    1.08493e+05    6.93069e+03    1.30986e+04    4.56172e+05
        LJ (SR)   Coulomb (SR)   Coul. recip.      Potential Pressure (bar)
    5.64766e+03   -4.18690e+05    6.84775e+03    1.84338e+05    2.56224e+02

           Step           Time
             44       44.00000

           Step           Time
             45       45.00000

   Energies (kJ/mol)
           Bond          Angle    Proper Dih.          LJ-14     Coulomb-14
    5.24801e+03    1.08837e+05    6.93852e+03    1.30853e+04    4.55978e+05
        LJ (SR)   Coulomb (SR)   Coul. recip.      Potential Pressure (bar)
    5.60194e+03   -4.18587e+05    6.86206e+03    1.83963e+05    2.01005e+02

           Step           Time
             46       46.00000

   Energies (kJ/mol)
           Bond          Angle    Proper Dih.          LJ-14     Coulomb-14
    5.99762e+03    1.08534e+05    6.92533e+03    1.30554e+04    4.55864e+05
        LJ (SR)   Coulomb (SR)   Coul. recip.      Potential Pressure (bar)
    5.41023e+03   -4.18735e+05    6.83320e+03    1.83884e+05    2.09721e+02

           Step           Time
             47       47.00000

   Energies (kJ/mol)
           Bond          Angle    Proper Dih.          LJ-14     Coulomb-14
    5.20209e+03    1.09023e+05    6.93666e+03    1.30415e+04    4.55630e+05
        LJ (SR)   Coulomb (SR)   Coul. recip.      Potential Pressure (bar)
    5.36592e+03   -4.18595e+05    6.85418e+03    1.83459e+05    1.36595e+02

           Step           Time
             48       48.00000

           Step           Time
             49       49.00000

   Energies (kJ/mol)
           Bond          Angle    Proper Dih.          LJ-14     Coulomb-14
    5.49637e+03    1.08687e+05    6.92813e+03    1.30306e+04    4.55641e+05
        LJ (SR)   Coulomb (SR)   Coul. recip.      Potential Pressure (bar)
    5.29133e+03   -4.18695e+05    6.83641e+03    1.83216e+05    1.62845e+02

           Step           Time
             50       50.00000

   Energies (kJ/mol)
           Bond          Angle    Proper Dih.          LJ-14     Coulomb-14
    5.19241e+03    1.09167e+05    6.93517e+03    1.30080e+04    4.55383e+05
        LJ (SR)   Coulomb (SR)   Coul. recip.      Potential Pressure (bar)
    5.18554e+03   -4.18613e+05    6.84797e+03    1.83106e+05    8.72602e+01

           Step           Time
             51       51.00000

   Energies (kJ/mol)
           Bond          Angle    Proper Dih.          LJ-14     Coulomb-14
    5.62103e+03    1.08678e+05    6.92339e+03    1.29970e+04    4.55436e+05
        LJ (SR)   Coulomb (SR)   Coul. recip.      Potential Pressure (bar)
    5.10634e+03   -4.18755e+05    6.82386e+03    1.82831e+05    1.30308e+02

           Step           Time
             52       52.00000

           Step           Time
             53       53.00000

   Energies (kJ/mol)
           Bond          Angle    Proper Dih.          LJ-14     Coulomb-14
    5.23488e+03    1.08939e+05    6.92877e+03    1.29869e+04    4.55300e+05
        LJ (SR)   Coulomb (SR)   Coul. recip.      Potential Pressure (bar)
    5.06459e+03   -4.18692e+05    6.83344e+03    1.82596e+05    8.90803e+01

           Step           Time
             54       54.00000

   Energies (kJ/mol)
           Bond          Angle    Proper Dih.          LJ-14     Coulomb-14
    5.70817e+03    1.08692e+05    6.91915e+03    1.29628e+04    4.55231e+05
        LJ (SR)   Coulomb (SR)   Coul. recip.      Potential Pressure (bar)
    4.92007e+03   -4.18817e+05    6.81229e+03    1.82429e+05    9.40202e+01

           Step           Time
             55       55.00000

   Energies (kJ/mol)
           Bond          Angle    Proper Dih.          LJ-14     Coulomb-14
    5.18387e+03    1.09065e+05    6.92708e+03    1.29521e+04    4.55064e+05
        LJ (SR)   Coulomb (SR)   Coul. recip.      Potential Pressure (bar)
    4.87812e+03   -4.18727e+05    6.82663e+03    1.82170e+05    3.93645e+01

           Step           Time
             56       56.00000

           Step           Time
             57       57.00000

   Energies (kJ/mol)
           Bond          Angle    Proper Dih.          LJ-14     Coulomb-14
    5.39612e+03    1.08823e+05    6.92089e+03    1.29429e+04    4.55073e+05
        LJ (SR)   Coulomb (SR)   Coul. recip.      Potential Pressure (bar)
    4.82113e+03   -4.18806e+05    6.81364e+03    1.81984e+05    5.66204e+01

           Step           Time
             58       58.00000

   Energies (kJ/mol)
           Bond          Angle    Proper Dih.          LJ-14     Coulomb-14
    5.15872e+03    1.09165e+05    6.92549e+03    1.29225e+04    4.54876e+05
        LJ (SR)   Coulomb (SR)   Coul. recip.      Potential Pressure (bar)
    4.71948e+03   -4.18768e+05    6.82029e+03    1.81820e+05   -2.24865e+00

           Step           Time
             59       59.00000

   Energies (kJ/mol)
           Bond          Angle    Proper Dih.          LJ-14     Coulomb-14
    5.46538e+03    1.08813e+05    6.91698e+03    1.29129e+04    4.54914e+05
        LJ (SR)   Coulomb (SR)   Coul. recip.      Potential Pressure (bar)
    4.65911e+03   -4.18877e+05    6.80268e+03    1.81608e+05    2.69799e+01

           Step           Time
             60       60.00000

   Energies (kJ/mol)
           Bond          Angle    Proper Dih.          LJ-14     Coulomb-14
    5.15076e+03    1.09296e+05    6.92471e+03    1.28965e+04    4.54712e+05
        LJ (SR)   Coulomb (SR)   Coul. recip.      Potential Pressure (bar)
    4.58107e+03   -4.18804e+05    6.81570e+03    1.81572e+05   -4.27761e+01

           Step           Time
             61       61.00000

   Energies (kJ/mol)
           Bond          Angle    Proper Dih.          LJ-14     Coulomb-14
    5.60159e+03    1.08789e+05    6.91289e+03    1.28865e+04    4.54789e+05
        LJ (SR)   Coulomb (SR)   Coul. recip.      Potential Pressure (bar)
    4.51641e+03   -4.18954e+05    6.79152e+03    1.81333e+05    3.34586e+00

           Step           Time
             62       62.00000

           Step           Time
             63       63.00000

   Energies (kJ/mol)
           Bond          Angle    Proper Dih.          LJ-14     Coulomb-14
    5.18724e+03    1.09049e+05    6.91864e+03    1.28789e+04    4.54674e+05
        LJ (SR)   Coulomb (SR)   Coul. recip.      Potential Pressure (bar)
    4.48511e+03   -4.18894e+05    6.80179e+03    1.81101e+05   -3.53789e+01

           Step           Time
             64       64.00000

   Energies (kJ/mol)
           Bond          Angle    Proper Dih.          LJ-14     Coulomb-14
    5.69697e+03    1.08793e+05    6.90920e+03    1.28574e+04    4.54650e+05
        LJ (SR)   Coulomb (SR)   Coul. recip.      Potential Pressure (bar)
    4.36217e+03   -4.19036e+05    6.78067e+03    1.81013e+05   -2.63204e+01

           Step           Time
             65       65.00000

   Energies (kJ/mol)
           Bond          Angle    Proper Dih.          LJ-14     Coulomb-14
    5.13456e+03    1.09167e+05    6.91759e+03    1.28495e+04    4.54503e+05
        LJ (SR)   Coulomb (SR)   Coul. recip.      Potential Pressure (bar)
    4.33062e+03   -4.18948e+05    6.79584e+03    1.80750e+05   -7.85436e+01

           Step           Time
             66       66.00000

           Step           Time
             67       67.00000

   Energies (kJ/mol)
           Bond          Angle    Proper Dih.          LJ-14     Coulomb-14
    5.35896e+03    1.08915e+05    6.91142e+03    1.28411e+04    4.54528e+05
        LJ (SR)   Coulomb (SR)   Coul. recip.      Potential Pressure (bar)
    4.28313e+03   -4.19033e+05    6.78271e+03    1.80587e+05   -5.91237e+01

           Step           Time
             68       68.00000

   Energies (kJ/mol)
           Bond          Angle    Proper Dih.          LJ-14     Coulomb-14
    5.11166e+03    1.09261e+05    6.91675e+03    1.28261e+04    4.54374e+05
        LJ (SR)   Coulomb (SR)   Coul. recip.      Potential Pressure (bar)
    4.20906e+03   -4.18998e+05    6.79075e+03    1.80492e+05   -1.12516e+02

           Step           Time
             69       69.00000

   Energies (kJ/mol)
           Bond          Angle    Proper Dih.          LJ-14     Coulomb-14
    5.43788e+03    1.08896e+05    6.90817e+03    1.28171e+04    4.54428e+05
        LJ (SR)   Coulomb (SR)   Coul. recip.      Potential Pressure (bar)
    4.15853e+03   -4.19113e+05    6.77281e+03    1.80305e+05   -8.08773e+01

           Step           Time
             70       70.00000

           Step           Time
             71       71.00000

   Energies (kJ/mol)
           Bond          Angle    Proper Dih.          LJ-14     Coulomb-14
    5.16024e+03    1.09096e+05    6.91226e+03    1.28107e+04    4.54342e+05
        LJ (SR)   Coulomb (SR)   Coul. recip.      Potential Pressure (bar)
    4.12874e+03   -4.19078e+05    6.77968e+03    1.80152e+05   -1.10877e+02

           Step           Time
             72       72.00000

   Energies (kJ/mol)
           Bond          Angle    Proper Dih.          LJ-14     Coulomb-14
    5.49348e+03    1.08895e+05    6.90538e+03    1.27933e+04    4.54329e+05
        LJ (SR)   Coulomb (SR)   Coul. recip.      Potential Pressure (bar)
    4.03630e+03   -4.19194e+05    6.76354e+03    1.80022e+05   -1.04543e+02

           Step           Time
             73       73.00000

   Energies (kJ/mol)
           Bond          Angle    Proper Dih.          LJ-14     Coulomb-14
    5.11329e+03    1.09182e+05    6.91143e+03    1.27865e+04    4.54219e+05
        LJ (SR)   Coulomb (SR)   Coul. recip.      Potential Pressure (bar)
    4.00570e+03   -4.19138e+05    6.77401e+03    1.79854e+05   -1.44804e+02

           Step           Time
             74       74.00000

   Energies (kJ/mol)
           Bond          Angle    Proper Dih.          LJ-14     Coulomb-14
    5.60181e+03    1.08884e+05    6.90255e+03    1.27729e+04    4.54255e+05
        LJ (SR)   Coulomb (SR)   Coul. recip.      Potential Pressure (bar)
    3.93268e+03   -4.19274e+05    6.75447e+03    1.79830e+05   -1.22839e+02

           Step           Time
             75       75.00000

   Energies (kJ/mol)
           Bond          Angle    Proper Dih.          LJ-14     Coulomb-14
    5.08110e+03    1.09299e+05    6.91144e+03    1.27663e+04    4.54113e+05
        LJ (SR)   Coulomb (SR)   Coul. recip.      Potential Pressure (bar)
    3.90323e+03   -4.19188e+05    6.77027e+03    1.79657e+05   -1.77547e+02

           Step           Time
             76       76.00000

           Step           Time
             77       77.00000

   Energies (kJ/mol)
           Bond          Angle    Proper Dih.          LJ-14     Coulomb-14
    5.26962e+03    1.09013e+05    6.90524e+03    1.27595e+04    4.54156e+05
        LJ (SR)   Coulomb (SR)   Coul. recip.      Potential Pressure (bar)
    3.86925e+03   -4.19273e+05    6.75709e+03    1.79456e+05   -1.53072e+02

           Step           Time
             78       78.00000

   Energies (kJ/mol)
           Bond          Angle    Proper Dih.          LJ-14     Coulomb-14
    5.07080e+03    1.09408e+05    6.91080e+03    1.27404e+04    4.53991e+05
        LJ (SR)   Coulomb (SR)   Coul. recip.      Potential Pressure (bar)
    3.77386e+03   -4.19265e+05    6.76373e+03    1.79394e+05   -2.14930e+02

           Step           Time
             79       79.00000

   Energies (kJ/mol)
           Bond          Angle    Proper Dih.          LJ-14     Coulomb-14
    5.34380e+03    1.08993e+05    6.90199e+03    1.27325e+04    4.54063e+05
        LJ (SR)   Coulomb (SR)   Coul. recip.      Potential Pressure (bar)
    3.73624e+03   -4.19383e+05    6.74528e+03    1.79132e+05   -1.76980e+02

           Step           Time
             80       80.00000

           Step           Time
             81       81.00000

   Energies (kJ/mol)
           Bond          Angle    Proper Dih.          LJ-14     Coulomb-14
    5.08615e+03    1.09218e+05    6.90640e+03    1.27260e+04    4.53978e+05
        LJ (SR)   Coulomb (SR)   Coul. recip.      Potential Pressure (bar)
    3.70481e+03   -4.19353e+05    6.75231e+03    1.79019e+05   -2.09378e+02

           Step           Time
             82       82.00000

   Energies (kJ/mol)
           Bond          Angle    Proper Dih.          LJ-14     Coulomb-14
    5.40836e+03    1.08981e+05    6.89983e+03    1.27151e+04    4.54008e+05
        LJ (SR)   Coulomb (SR)   Coul. recip.      Potential Pressure (bar)
    3.65148e+03   -4.19460e+05    6.73730e+03    1.78942e+05   -1.92178e+02

           Step           Time
             83       83.00000

   Energies (kJ/mol)
           Bond          Angle    Proper Dih.          LJ-14     Coulomb-14
    5.05440e+03    1.09306e+05    6.90640e+03    1.27088e+04    4.53899e+05
        LJ (SR)   Coulomb (SR)   Coul. recip.      Potential Pressure (bar)
    3.62121e+03   -4.19407e+05    6.74838e+03    1.78838e+05   -2.35620e+02

           Step           Time
             84       84.00000

   Energies (kJ/mol)
           Bond          Angle    Proper Dih.          LJ-14     Coulomb-14
    5.52690e+03    1.08963e+05    6.89737e+03    1.26983e+04    4.53964e+05
        LJ (SR)   Coulomb (SR)   Coul. recip.      Potential Pressure (bar)
    3.57077e+03   -4.19542e+05    6.72866e+03    1.78806e+05   -2.05404e+02

           Step           Time
             85       85.00000

   Energies (kJ/mol)
           Bond          Angle    Proper Dih.          LJ-14     Coulomb-14
    5.04345e+03    1.09433e+05    6.90706e+03    1.26928e+04    4.53822e+05
        LJ (SR)   Coulomb (SR)   Coul. recip.      Potential Pressure (bar)
    3.54339e+03   -4.19455e+05    6.74568e+03    1.78732e+05   -2.64506e+02

           Step           Time
             86       86.00000

           Step           Time
             87       87.00000

   Energies (kJ/mol)
           Bond          Angle    Proper Dih.          LJ-14     Coulomb-14
    5.19103e+03    1.09104e+05    6.90056e+03    1.26867e+04    4.53876e+05
        LJ (SR)   Coulomb (SR)   Coul. recip.      Potential Pressure (bar)
    3.51723e+03   -4.19543e+05    6.73184e+03    1.78464e+05   -2.34956e+02

           Step           Time
             88       88.00000

   Energies (kJ/mol)
           Bond          Angle    Proper Dih.          LJ-14     Coulomb-14
    5.04974e+03    1.09579e+05    6.90646e+03    1.26554e+04    4.53676e+05
        LJ (SR)   Coulomb (SR)   Coul. recip.      Potential Pressure (bar)
    3.36725e+03   -4.19598e+05    6.73433e+03    1.78370e+05   -3.16323e+02

           Step           Time
             89       89.00000

   Energies (kJ/mol)
           Bond          Angle    Proper Dih.          LJ-14     Coulomb-14
    5.25568e+03    1.09091e+05    6.89701e+03    1.26480e+04    4.53764e+05
        LJ (SR)   Coulomb (SR)   Coul. recip.      Potential Pressure (bar)
    3.33812e+03   -4.19723e+05    6.71445e+03    1.77985e+05   -2.70376e+02

           Step           Time
             90       90.00000

           Step           Time
             91       91.00000

   Energies (kJ/mol)
           Bond          Angle    Proper Dih.          LJ-14     Coulomb-14
    5.01923e+03    1.09354e+05    6.90197e+03    1.26409e+04    4.53677e+05
        LJ (SR)   Coulomb (SR)   Coul. recip.      Potential Pressure (bar)
    3.30396e+03   -4.19700e+05    6.72171e+03    1.77920e+05   -3.06688e+02

           Step           Time
             92       92.00000

   Energies (kJ/mol)
           Bond          Angle    Proper Dih.          LJ-14     Coulomb-14
    5.32772e+03    1.09072e+05    6.89512e+03    1.26327e+04    4.53731e+05
        LJ (SR)   Coulomb (SR)   Coul. recip.      Potential Pressure (bar)
    3.26912e+03   -4.19806e+05    6.70633e+03    1.77828e+05   -2.81857e+02

           Step           Time
             93       93.00000

   Energies (kJ/mol)
           Bond          Angle    Proper Dih.          LJ-14     Coulomb-14
    5.00422e+03    1.09452e+05    6.90253e+03    1.26268e+04    4.53621e+05
        LJ (SR)   Coulomb (SR)   Coul. recip.      Potential Pressure (bar)
    3.23960e+03   -4.19755e+05    6.71849e+03    1.77810e+05   -3.30198e+02

           Step           Time
             94       94.00000

   Energies (kJ/mol)
           Bond          Angle    Proper Dih.          LJ-14     Coulomb-14
    5.46003e+03    1.09047e+05    6.89288e+03    1.26179e+04    4.53708e+05
        LJ (SR)   Coulomb (SR)   Coul. recip.      Potential Pressure (bar)
    3.20321e+03   -4.19896e+05    6.69746e+03    1.77730e+05   -2.91733e+02

           Step           Time
             95       95.00000

           Step           Time
             96       96.00000

   Energies (kJ/mol)
           Bond          Angle    Proper Dih.          LJ-14     Coulomb-14
    5.06627e+03    1.09250e+05    6.89815e+03    1.26151e+04    4.53635e+05
        LJ (SR)   Coulomb (SR)   Coul. recip.      Potential Pressure (bar)
    3.19021e+03   -4.19849e+05    6.70660e+03    1.77512e+05   -3.19668e+02

           Step           Time
             97       97.00000

   Energies (kJ/mol)
           Bond          Angle    Proper Dih.          LJ-14     Coulomb-14
    5.54324e+03    1.09057e+05    6.89075e+03    1.25911e+04    4.53647e+05
        LJ (SR)   Coulomb (SR)   Coul. recip.      Potential Pressure (bar)
    3.08689e+03   -4.20040e+05    6.68461e+03    1.77461e+05   -3.17128e+02

           Step           Time
             98       98.00000

   Energies (kJ/mol)
           Bond          Angle    Proper Dih.          LJ-14     Coulomb-14
    5.00897e+03    1.09349e+05    6.89828e+03    1.25885e+04    4.53550e+05
        LJ (SR)   Coulomb (SR)   Coul. recip.      Potential Pressure (bar)
    3.07371e+03   -4.19971e+05    6.69788e+03    1.77195e+05   -3.55477e+02

           Step           Time
             99       99.00000

           Step           Time
            100      100.00000

   Energies (kJ/mol)
           Bond          Angle    Proper Dih.          LJ-14     Coulomb-14
    5.23578e+03    1.09149e+05    6.89335e+03    1.25810e+04    4.53587e+05
        LJ (SR)   Coulomb (SR)   Coul. recip.      Potential Pressure (bar)
    3.04405e+03   -4.20059e+05    6.68599e+03    1.77117e+05   -3.39289e+02

           Step           Time
            101      101.00000

   Energies (kJ/mol)
           Bond          Angle    Proper Dih.          LJ-14     Coulomb-14
    4.98640e+03    1.09418e+05    6.89871e+03    1.25756e+04    4.53509e+05
        LJ (SR)   Coulomb (SR)   Coul. recip.      Potential Pressure (bar)
    3.01833e+03   -4.20032e+05    6.69400e+03    1.77068e+05   -3.74701e+02

           Step           Time
            102      102.00000

   Energies (kJ/mol)
           Bond          Angle    Proper Dih.          LJ-14     Coulomb-14
    5.31916e+03    1.09129e+05    6.89175e+03    1.25675e+04    4.53570e+05
        LJ (SR)   Coulomb (SR)   Coul. recip.      Potential Pressure (bar)
    2.98791e+03   -4.20144e+05    6.67805e+03    1.76999e+05   -3.48715e+02

           Step           Time
            103      103.00000

   Energies (kJ/mol)
           Bond          Angle    Proper Dih.          LJ-14     Coulomb-14
    4.97778e+03    1.09518e+05    6.89964e+03    1.25633e+04    4.53466e+05
        LJ (SR)   Coulomb (SR)   Coul. recip.      Potential Pressure (bar)
    2.96575e+03   -4.20088e+05    6.69105e+03    1.76993e+05   -3.96530e+02

           Step           Time
            104      104.00000

   Energies (kJ/mol)
           Bond          Angle    Proper Dih.          LJ-14     Coulomb-14
    5.47104e+03    1.09104e+05    6.88975e+03    1.25543e+04    4.53561e+05
        LJ (SR)   Coulomb (SR)   Coul. recip.      Potential Pressure (bar)
    2.93389e+03   -4.20236e+05    6.66925e+03    1.76948e+05   -3.56608e+02

           Step           Time
            105      105.00000

           Step           Time
            106      106.00000

   Energies (kJ/mol)
           Bond          Angle    Proper Dih.          LJ-14     Coulomb-14
    5.03717e+03    1.09303e+05    6.89530e+03    1.25523e+04    4.53490e+05
        LJ (SR)   Coulomb (SR)   Coul. recip.      Potential Pressure (bar)
    2.92405e+03   -4.20187e+05    6.67887e+03    1.76694e+05   -3.83865e+02

           Step           Time
            107      107.00000

   Energies (kJ/mol)
           Bond          Angle    Proper Dih.          LJ-14     Coulomb-14
    5.56544e+03    1.09120e+05    6.88803e+03    1.25266e+04    4.53516e+05
        LJ (SR)   Coulomb (SR)   Coul. recip.      Potential Pressure (bar)
    2.82234e+03   -4.20406e+05    6.65496e+03    1.76687e+05   -3.82692e+02

           Step           Time
            108      108.00000

   Energies (kJ/mol)
           Bond          Angle    Proper Dih.          LJ-14     Coulomb-14
    4.98001e+03    1.09405e+05    6.89589e+03    1.25248e+04    4.53420e+05
        LJ (SR)   Coulomb (SR)   Coul. recip.      Potential Pressure (bar)
    2.81264e+03   -4.20334e+05    6.66875e+03    1.76373e+05   -4.20218e+02

           Step           Time
            109      109.00000

           Step           Time
            110      110.00000

   Energies (kJ/mol)
           Bond          Angle    Proper Dih.          LJ-14     Coulomb-14
    5.22528e+03    1.09202e+05    6.89093e+03    1.25173e+04    4.53464e+05
        LJ (SR)   Coulomb (SR)   Coul. recip.      Potential Pressure (bar)
    2.78624e+03   -4.20427e+05    6.65644e+03    1.76315e+05   -4.03309e+02

           Step           Time
            111      111.00000

   Energies (kJ/mol)
           Bond          Angle    Proper Dih.          LJ-14     Coulomb-14
    4.96064e+03    1.09474e+05    6.89661e+03    1.25134e+04    4.53391e+05
        LJ (SR)   Coulomb (SR)   Coul. recip.      Potential Pressure (bar)
    2.76748e+03   -4.20396e+05    6.66508e+03    1.76272e+05   -4.37769e+02

           Step           Time
            112      112.00000

   Energies (kJ/mol)
           Bond          Angle    Proper Dih.          LJ-14     Coulomb-14
    5.32165e+03    1.09182e+05    6.88955e+03    1.25054e+04    4.53458e+05
        LJ (SR)   Coulomb (SR)   Coul. recip.      Potential Pressure (bar)
    2.74056e+03   -4.20514e+05    6.64864e+03    1.76232e+05   -4.10944e+02

           Step           Time
            113      113.00000

   Energies (kJ/mol)
           Bond          Angle    Proper Dih.          LJ-14     Coulomb-14
    4.95864e+03    1.09577e+05    6.89785e+03    1.25025e+04    4.53358e+05
        LJ (SR)   Coulomb (SR)   Coul. recip.      Potential Pressure (bar)
    2.72460e+03   -4.20454e+05    6.66238e+03    1.76228e+05   -4.58216e+02

           Step           Time
            114      114.00000

           Step           Time
            115      115.00000

   Energies (kJ/mol)
           Bond          Angle    Proper Dih.          LJ-14     Coulomb-14
    5.06448e+03    1.09301e+05    6.89263e+03    1.24975e+04    4.53409e+05
        LJ (SR)   Coulomb (SR)   Coul. recip.      Potential Pressure (bar)
    2.70969e+03   -4.20530e+05    6.65076e+03    1.75995e+05   -4.33187e+02


Steepest Descents converged to Fmax < 1000 in 116 steps
Potential Energy  =  1.7599508e+05
Maximum force     =  7.6733014e+02 on atom 23350
Norm of force     =  4.2472279e+01
Finished mdrun on rank 0 Fri Sep  2 16:11:05 2022

