              :-) GROMACS - gmx mdrun, 2020.1-Ubuntu-2020.1-1 (-:

                            GROMACS is written by:
     Emile Apol      Rossen Apostolov      Paul Bauer     Herman J.C. Berendsen
    Par Bjelkmar      Christian Blau   Viacheslav Bolnykh     Kevin Boyd    
 Aldert van Buuren   Rudi van Drunen     Anton Feenstra       Alan Gray     
  Gerrit Groenhof     Anca Hamuraru    Vincent Hindriksen  M. Eric Irrgang  
  Aleksei Iupinov   Christoph Junghans     Joe Jordan     Dimitrios Karkoulis
    Peter Kasson        Jiri Kraus      Carsten Kutzner      Per Larsson    
  Justin A. Lemkul    Viveca Lindahl    Magnus Lundborg     Erik Marklund   
    Pascal Merz     Pieter Meulenhoff    Teemu Murtola       Szilard Pall   
    Sander Pronk      Roland Schulz      Michael Shirts    Alexey Shvetsov  
   Alfons Sijbers     Peter Tieleman      Jon Vincent      Teemu Virolainen 
 Christian Wennberg    Maarten Wolf      Artem Zhmurov   
                           and the project leaders:
        Mark Abraham, Berk Hess, Erik Lindahl, and David van der Spoel

Copyright (c) 1991-2000, University of Groningen, The Netherlands.
Copyright (c) 2001-2019, The GROMACS development team at
Uppsala University, Stockholm University and
the Royal Institute of Technology, Sweden.
check out http://www.gromacs.org for more information.

GROMACS is free software; you can redistribute it and/or modify it
under the terms of the GNU Lesser General Public License
as published by the Free Software Foundation; either version 2.1
of the License, or (at your option) any later version.

GROMACS:      gmx mdrun, version 2020.1-Ubuntu-2020.1-1
Executable:   /usr/bin/gmx
Data prefix:  /usr
Working dir:  /mnt/c/Users/Josh/Desktop/git/fragment-screening/scripts/fragment_builder
Process ID:   638
Command line:
  gmx mdrun -s ./combo_folder/ILE/nvt_ILE200.tpr -deffnm ./combo_folder/ILE/combo_nvt_ILE200

GROMACS version:    2020.1-Ubuntu-2020.1-1
Precision:          single
Memory model:       64 bit
MPI library:        thread_mpi
OpenMP support:     enabled (GMX_OPENMP_MAX_THREADS = 64)
GPU support:        disabled
SIMD instructions:  SSE2
FFT library:        fftw-3.3.8-sse2-avx
RDTSCP usage:       disabled
TNG support:        enabled
Hwloc support:      hwloc-2.1.0
Tracing support:    disabled
C compiler:         /usr/bin/cc GNU 9.3.0
C compiler flags:   -msse2 -fexcess-precision=fast -funroll-all-loops
C++ compiler:       /usr/bin/c++ GNU 9.3.0
C++ compiler flags: -msse2 -fexcess-precision=fast -funroll-all-loops -fopenmp


Running on 1 node with total 6 cores, 12 logical cores
Hardware detected:
  CPU info:
    Vendor: Intel
    Brand:  Intel(R) Core(TM) i7-8750H CPU @ 2.20GHz
    Family: 6   Model: 158   Stepping: 10
    Features: aes apic avx avx2 clfsh cmov cx8 cx16 f16c fma htt intel lahf mmx msr nonstop_tsc pcid pclmuldq pdcm pdpe1gb popcnt pse rdrnd rdtscp sse2 sse3 sse4.1 sse4.2 ssse3 tdt x2apic
  Hardware topology: Basic
    Sockets, cores, and logical processors:
      Socket  0: [   0   1] [   2   3] [   4   5] [   6   7] [   8   9] [  10  11]

Highest SIMD level requested by all nodes in run: AVX2_256
SIMD instructions selected at compile time:       SSE2
This program was compiled for different hardware than you are running on,
which could influence performance.
The current CPU can measure timings more accurately than the code in
gmx mdrun was configured to use. This might affect your simulation
speed as accurate timings are needed for load-balancing.
Please consider rebuilding gmx mdrun with the GMX_USE_RDTSCP=ON CMake option.

++++ PLEASE READ AND CITE THE FOLLOWING REFERENCE ++++
M. J. Abraham, T. Murtola, R. Schulz, S. Páll, J. C. Smith, B. Hess, E.
Lindahl
GROMACS: High performance molecular simulations through multi-level
parallelism from laptops to supercomputers
SoftwareX 1 (2015) pp. 19-25
-------- -------- --- Thank You --- -------- --------


++++ PLEASE READ AND CITE THE FOLLOWING REFERENCE ++++
S. Páll, M. J. Abraham, C. Kutzner, B. Hess, E. Lindahl
Tackling Exascale Software Challenges in Molecular Dynamics Simulations with
GROMACS
In S. Markidis & E. Laure (Eds.), Solving Software Challenges for Exascale 8759 (2015) pp. 3-27
-------- -------- --- Thank You --- -------- --------


++++ PLEASE READ AND CITE THE FOLLOWING REFERENCE ++++
S. Pronk, S. Páll, R. Schulz, P. Larsson, P. Bjelkmar, R. Apostolov, M. R.
Shirts, J. C. Smith, P. M. Kasson, D. van der Spoel, B. Hess, and E. Lindahl
GROMACS 4.5: a high-throughput and highly parallel open source molecular
simulation toolkit
Bioinformatics 29 (2013) pp. 845-54
-------- -------- --- Thank You --- -------- --------


++++ PLEASE READ AND CITE THE FOLLOWING REFERENCE ++++
B. Hess and C. Kutzner and D. van der Spoel and E. Lindahl
GROMACS 4: Algorithms for highly efficient, load-balanced, and scalable
molecular simulation
J. Chem. Theory Comput. 4 (2008) pp. 435-447
-------- -------- --- Thank You --- -------- --------


++++ PLEASE READ AND CITE THE FOLLOWING REFERENCE ++++
D. van der Spoel, E. Lindahl, B. Hess, G. Groenhof, A. E. Mark and H. J. C.
Berendsen
GROMACS: Fast, Flexible and Free
J. Comp. Chem. 26 (2005) pp. 1701-1719
-------- -------- --- Thank You --- -------- --------


++++ PLEASE READ AND CITE THE FOLLOWING REFERENCE ++++
E. Lindahl and B. Hess and D. van der Spoel
GROMACS 3.0: A package for molecular simulation and trajectory analysis
J. Mol. Mod. 7 (2001) pp. 306-317
-------- -------- --- Thank You --- -------- --------


++++ PLEASE READ AND CITE THE FOLLOWING REFERENCE ++++
H. J. C. Berendsen, D. van der Spoel and R. van Drunen
GROMACS: A message-passing parallel molecular dynamics implementation
Comp. Phys. Comm. 91 (1995) pp. 43-56
-------- -------- --- Thank You --- -------- --------

Input Parameters:
   integrator                     = md
   tinit                          = 0
   dt                             = 0.002
   nsteps                         = 10000
   init-step                      = 0
   simulation-part                = 1
   comm-mode                      = Linear
   nstcomm                        = 100
   bd-fric                        = 0
   ld-seed                        = 1683455301
   emtol                          = 10
   emstep                         = 0.01
   niter                          = 20
   fcstep                         = 0
   nstcgsteep                     = 1000
   nbfgscorr                      = 10
   rtpi                           = 0.05
   nstxout                        = 0
   nstvout                        = 0
   nstfout                        = 0
   nstlog                         = 500
   nstcalcenergy                  = 100
   nstenergy                      = 500
   nstxout-compressed             = 500
   compressed-x-precision         = 1000
   cutoff-scheme                  = Verlet
   nstlist                        = 20
   pbc                            = xyz
   periodic-molecules             = false
   verlet-buffer-tolerance        = 0.005
   rlist                          = 1.2
   coulombtype                    = PME
   coulomb-modifier               = Potential-shift
   rcoulomb-switch                = 0
   rcoulomb                       = 1.2
   epsilon-r                      = 1
   epsilon-rf                     = inf
   vdw-type                       = Cut-off
   vdw-modifier                   = Force-switch
   rvdw-switch                    = 1
   rvdw                           = 1.2
   DispCorr                       = No
   table-extension                = 1
   fourierspacing                 = 0.16
   fourier-nx                     = 52
   fourier-ny                     = 52
   fourier-nz                     = 52
   pme-order                      = 4
   ewald-rtol                     = 1e-05
   ewald-rtol-lj                  = 0.001
   lj-pme-comb-rule               = Geometric
   ewald-geometry                 = 0
   epsilon-surface                = 0
   tcoupl                         = V-rescale
   nsttcouple                     = 20
   nh-chain-length                = 0
   print-nose-hoover-chain-variables = false
   pcoupl                         = No
   pcoupltype                     = Isotropic
   nstpcouple                     = -1
   tau-p                          = 1
   compressibility (3x3):
      compressibility[    0]={ 0.00000e+00,  0.00000e+00,  0.00000e+00}
      compressibility[    1]={ 0.00000e+00,  0.00000e+00,  0.00000e+00}
      compressibility[    2]={ 0.00000e+00,  0.00000e+00,  0.00000e+00}
   ref-p (3x3):
      ref-p[    0]={ 0.00000e+00,  0.00000e+00,  0.00000e+00}
      ref-p[    1]={ 0.00000e+00,  0.00000e+00,  0.00000e+00}
      ref-p[    2]={ 0.00000e+00,  0.00000e+00,  0.00000e+00}
   refcoord-scaling               = No
   posres-com (3):
      posres-com[0]= 0.00000e+00
      posres-com[1]= 0.00000e+00
      posres-com[2]= 0.00000e+00
   posres-comB (3):
      posres-comB[0]= 0.00000e+00
      posres-comB[1]= 0.00000e+00
      posres-comB[2]= 0.00000e+00
   QMMM                           = false
   QMconstraints                  = 0
   QMMMscheme                     = 0
   MMChargeScaleFactor            = 1
qm-opts:
   ngQM                           = 0
   constraint-algorithm           = Lincs
   continuation                   = false
   Shake-SOR                      = false
   shake-tol                      = 0.0001
   lincs-order                    = 4
   lincs-iter                     = 1
   lincs-warnangle                = 30
   nwall                          = 0
   wall-type                      = 9-3
   wall-r-linpot                  = -1
   wall-atomtype[0]               = -1
   wall-atomtype[1]               = -1
   wall-density[0]                = 0
   wall-density[1]                = 0
   wall-ewald-zfac                = 3
   pull                           = false
   awh                            = false
   rotation                       = false
   interactiveMD                  = false
   disre                          = No
   disre-weighting                = Conservative
   disre-mixed                    = false
   dr-fc                          = 1000
   dr-tau                         = 0
   nstdisreout                    = 100
   orire-fc                       = 0
   orire-tau                      = 0
   nstorireout                    = 100
   free-energy                    = no
   cos-acceleration               = 0
   deform (3x3):
      deform[    0]={ 0.00000e+00,  0.00000e+00,  0.00000e+00}
      deform[    1]={ 0.00000e+00,  0.00000e+00,  0.00000e+00}
      deform[    2]={ 0.00000e+00,  0.00000e+00,  0.00000e+00}
   simulated-tempering            = false
   swapcoords                     = no
   userint1                       = 0
   userint2                       = 0
   userint3                       = 0
   userint4                       = 0
   userreal1                      = 0
   userreal2                      = 0
   userreal3                      = 0
   userreal4                      = 0
   applied-forces:
     electric-field:
       x:
         E0                       = 0
         omega                    = 0
         t0                       = 0
         sigma                    = 0
       y:
         E0                       = 0
         omega                    = 0
         t0                       = 0
         sigma                    = 0
       z:
         E0                       = 0
         omega                    = 0
         t0                       = 0
         sigma                    = 0
     density-guided-simulation:
       active                     = false
       group                      = protein
       similarity-measure         = inner-product
       atom-spreading-weight      = unity
       force-constant             = 1e+09
       gaussian-transform-spreading-width = 0.2
       gaussian-transform-spreading-range-in-multiples-of-width = 4
       reference-density-filename = reference.mrc
       nst                        = 1
       normalize-densities        = true
       adaptive-force-scaling     = false
       adaptive-force-scaling-time-constant = 4
grpopts:
   nrdf:     10598.7     12988.3
   ref-t:         300         300
   tau-t:         0.1         0.1
annealing:          No          No
annealing-npoints:           0           0
   acc:	           0           0           0
   nfreeze:           N           N           N
   energygrp-flags[  0]: 0

Changing nstlist from 20 to 100, rlist from 1.2 to 1.209


Using 1 MPI thread

Non-default thread affinity set, disabling internal thread affinity

Using 12 OpenMP threads 

System total charge: 0.000
Will do PME sum in reciprocal space for electrostatic interactions.

++++ PLEASE READ AND CITE THE FOLLOWING REFERENCE ++++
U. Essmann, L. Perera, M. L. Berkowitz, T. Darden, H. Lee and L. G. Pedersen 
A smooth particle mesh Ewald method
J. Chem. Phys. 103 (1995) pp. 8577-8592
-------- -------- --- Thank You --- -------- --------

Using a Gaussian width (1/beta) of 0.384195 nm for Ewald
Potential shift: LJ r^-12: -2.648e-01 r^-6: -5.349e-01, Ewald -8.333e-06
Initialized non-bonded Coulomb Ewald tables, spacing: 1.02e-03 size: 1176

Generated table with 1104 data points for 1-4 COUL.
Tabscale = 500 points/nm
Generated table with 1104 data points for 1-4 LJ6.
Tabscale = 500 points/nm
Generated table with 1104 data points for 1-4 LJ12.
Tabscale = 500 points/nm

Using SIMD 4x4 nonbonded short-range kernels

Using a 4x4 pair-list setup:
  updated every 100 steps, buffer 0.009 nm, rlist 1.209 nm
At tolerance 0.005 kJ/mol/ps per atom, equivalent classical 1x1 list would be:
  updated every 100 steps, buffer 0.174 nm, rlist 1.374 nm

Removing pbc first time

Initializing LINear Constraint Solver

++++ PLEASE READ AND CITE THE FOLLOWING REFERENCE ++++
B. Hess and H. Bekker and H. J. C. Berendsen and J. G. E. M. Fraaije
LINCS: A Linear Constraint Solver for molecular simulations
J. Comp. Chem. 18 (1997) pp. 1463-1472
-------- -------- --- Thank You --- -------- --------

The number of constraints is 2600

++++ PLEASE READ AND CITE THE FOLLOWING REFERENCE ++++
S. Miyamoto and P. A. Kollman
SETTLE: An Analytical Version of the SHAKE and RATTLE Algorithms for Rigid
Water Models
J. Comp. Chem. 13 (1992) pp. 952-962
-------- -------- --- Thank You --- -------- --------


++++ PLEASE READ AND CITE THE FOLLOWING REFERENCE ++++
G. Bussi, D. Donadio and M. Parrinello
Canonical sampling through velocity rescaling
J. Chem. Phys. 126 (2007) pp. 014101
-------- -------- --- Thank You --- -------- --------

There are: 10895 Atoms

Constraining the starting coordinates (step 0)

Constraining the coordinates at t0-dt (step 0)
Center of mass motion removal mode is Linear
We have the following groups for center of mass motion removal:
  0:  rest
RMS relative constraint deviation after constraining: 3.37e-06
Initial temperature: 302.747 K

Started mdrun on rank 0 Fri Sep  2 16:07:00 2022

           Step           Time
              0        0.00000

   Energies (kJ/mol)
           Bond          Angle    Proper Dih.          LJ-14     Coulomb-14
    1.10694e+03    2.34639e+04    1.50161e+03    3.00580e+03    1.03672e+05
        LJ (SR)   Coulomb (SR)   Coul. recip.      Potential    Kinetic En.
    1.38491e+04   -1.68073e+05    1.88572e+03   -1.95874e+04    2.97973e+04
   Total Energy  Conserved En.    Temperature Pressure (bar)   Constr. rmsd
    1.02099e+04    1.02099e+04    3.03878e+02    1.07198e+02    3.39870e-06

           Step           Time
            500        1.00000

   Energies (kJ/mol)
           Bond          Angle    Proper Dih.          LJ-14     Coulomb-14
    2.85894e+03    2.97169e+04    2.74816e+03    3.02260e+03    1.04635e+05
        LJ (SR)   Coulomb (SR)   Coul. recip.      Potential    Kinetic En.
    1.23035e+04   -1.68797e+05    1.06423e+03   -1.24475e+04    2.93441e+04
   Total Energy  Conserved En.    Temperature Pressure (bar)   Constr. rmsd
    1.68966e+04    1.07126e+04    2.99256e+02   -5.91111e+01    3.19138e-06

           Step           Time
           1000        2.00000

   Energies (kJ/mol)
           Bond          Angle    Proper Dih.          LJ-14     Coulomb-14
    2.73024e+03    3.00692e+04    3.05653e+03    3.09655e+03    1.04378e+05
        LJ (SR)   Coulomb (SR)   Coul. recip.      Potential    Kinetic En.
    1.18547e+04   -1.69667e+05    1.02154e+03   -1.34594e+04    2.98475e+04
   Total Energy  Conserved En.    Temperature Pressure (bar)   Constr. rmsd
    1.63881e+04    1.07557e+04    3.04390e+02   -6.86963e+01    2.97687e-06

           Step           Time
           1500        3.00000

   Energies (kJ/mol)
           Bond          Angle    Proper Dih.          LJ-14     Coulomb-14
    3.08667e+03    3.05101e+04    3.00443e+03    3.08521e+03    1.04559e+05
        LJ (SR)   Coulomb (SR)   Coul. recip.      Potential    Kinetic En.
    1.23571e+04   -1.70746e+05    9.84763e+02   -1.31582e+04    2.98502e+04
   Total Energy  Conserved En.    Temperature Pressure (bar)   Constr. rmsd
    1.66920e+04    1.07940e+04    3.04418e+02   -3.68660e+01    2.80980e-06

           Step           Time
           2000        4.00000

   Energies (kJ/mol)
           Bond          Angle    Proper Dih.          LJ-14     Coulomb-14
    3.07377e+03    3.02479e+04    3.07353e+03    3.14355e+03    1.04674e+05
        LJ (SR)   Coulomb (SR)   Coul. recip.      Potential    Kinetic En.
    1.22196e+04   -1.71959e+05    9.56748e+02   -1.45707e+04    2.92099e+04
   Total Energy  Conserved En.    Temperature Pressure (bar)   Constr. rmsd
    1.46392e+04    1.07989e+04    2.97888e+02   -5.61006e+01    2.92145e-06

           Step           Time
           2500        5.00000

   Energies (kJ/mol)
           Bond          Angle    Proper Dih.          LJ-14     Coulomb-14
    2.83358e+03    3.06850e+04    3.09601e+03    3.15460e+03    1.04295e+05
        LJ (SR)   Coulomb (SR)   Coul. recip.      Potential    Kinetic En.
    1.22831e+04   -1.72673e+05    9.02354e+02   -1.54235e+04    2.96720e+04
   Total Energy  Conserved En.    Temperature Pressure (bar)   Constr. rmsd
    1.42485e+04    1.08083e+04    3.02601e+02    4.27981e+00    3.03191e-06

           Step           Time
           3000        6.00000

   Energies (kJ/mol)
           Bond          Angle    Proper Dih.          LJ-14     Coulomb-14
    3.09671e+03    3.06064e+04    2.91819e+03    3.08689e+03    1.04496e+05
        LJ (SR)   Coulomb (SR)   Coul. recip.      Potential    Kinetic En.
    1.17916e+04   -1.73321e+05    9.14859e+02   -1.64104e+04    2.94240e+04
   Total Energy  Conserved En.    Temperature Pressure (bar)   Constr. rmsd
    1.30136e+04    1.08569e+04    3.00072e+02   -1.18066e+02    2.90682e-06



Received the INT signal, stopping within 100 steps

           Step           Time
           3500        7.00000

Writing checkpoint, step 3500 at Fri Sep  2 16:07:15 2022


   Energies (kJ/mol)
           Bond          Angle    Proper Dih.          LJ-14     Coulomb-14
    2.87249e+03    3.05797e+04    2.95050e+03    3.23461e+03    1.04663e+05
        LJ (SR)   Coulomb (SR)   Coul. recip.      Potential    Kinetic En.
    1.20414e+04   -1.74235e+05    8.99855e+02   -1.69938e+04    2.93512e+04
   Total Energy  Conserved En.    Temperature Pressure (bar)   Constr. rmsd
    1.23574e+04    1.08246e+04    2.99329e+02    5.31835e+01    3.12908e-06


	<======  ###############  ==>
	<====  A V E R A G E S  ====>
	<==  ###############  ======>

	Statistics over 3501 steps using 36 frames

   Energies (kJ/mol)
           Bond          Angle    Proper Dih.          LJ-14     Coulomb-14
    2.82294e+03    3.01726e+04    2.94021e+03    3.15251e+03    1.04072e+05
        LJ (SR)   Coulomb (SR)   Coul. recip.      Potential    Kinetic En.
    1.22188e+04   -1.70939e+05    1.00262e+03   -1.45574e+04    2.94720e+04
   Total Energy  Conserved En.    Temperature Pressure (bar)   Constr. rmsd
    1.49146e+04    1.07721e+04    3.00561e+02   -6.19560e+00    0.00000e+00

   Total Virial (kJ/mol)
    1.00511e+04    2.64604e+02   -1.04603e+02
    2.64523e+02    9.82950e+03   -3.76973e+00
   -1.04405e+02   -2.95803e+00    9.87797e+03

   Pressure (bar)
   -1.30723e+01   -1.77817e+01    8.97414e+00
   -1.77765e+01   -2.05292e+00   -1.04179e+00
    8.96128e+00   -1.09444e+00   -3.46161e+00

      T-Protein  T-non-Protein
    2.99570e+02    3.01370e+02


	M E G A - F L O P S   A C C O U N T I N G

 NB=Group-cutoff nonbonded kernels    NxN=N-by-N cluster Verlet kernels
 RF=Reaction-Field  VdW=Van der Waals  QSTab=quadratic-spline table
 W3=SPC/TIP3p  W4=TIP4p (single or pairs)
 V&F=Potential and force  V=Potential only  F=Force only

 Computing:                               M-Number         M-Flops  % Flops
-----------------------------------------------------------------------------
 Pair Search distance check              65.656978         590.913     0.1
 NxN QSTab Elec. + LJ [F]              8059.681872      427163.139    53.5
 NxN QSTab Elec. + LJ [V&F]              83.962032        6800.925     0.9
 NxN QSTab Elec. [F]                   5350.886640      181930.146    22.8
 NxN QSTab Elec. [V&F]                   55.645360        2281.460     0.3
 1,4 nonbonded interactions              35.010000        3150.900     0.4
 Calc Weights                           114.430185        4119.487     0.5
 Spread Q Bspline                      2441.177280        4882.355     0.6
 Gather F Bspline                      2441.177280       14647.064     1.8
 3D-FFT                               16836.883164      134695.065    16.9
 Solve PME                                9.466704         605.869     0.1
 Shift-X                                  0.392220           2.353     0.0
 Bonds                                    5.601600         330.494     0.0
 Angles                                  25.907400        4352.443     0.5
 Propers                                 42.012000        9620.748     1.2
 Virial                                   0.393840           7.089     0.0
 Stop-CM                                  0.403115           4.031     0.0
 Calc-Ekin                                3.835040         103.546     0.0
 Lincs                                    9.107800         546.468     0.1
 Lincs-Mat                               67.257600         269.030     0.0
 Constraint-V                            40.955890         327.647     0.0
 Constraint-Vir                           0.327420           7.858     0.0
 Settle                                   7.583995        2449.630     0.3
-----------------------------------------------------------------------------
 Total                                                  798888.661   100.0
-----------------------------------------------------------------------------


     R E A L   C Y C L E   A N D   T I M E   A C C O U N T I N G

On 1 MPI rank, each using 12 OpenMP threads

 Computing:          Num   Num      Call    Wall time         Giga-Cycles
                     Ranks Threads  Count      (s)         total sum    %
-----------------------------------------------------------------------------
 Neighbor search        1   12         36       0.142          3.754   1.0
 Force                  1   12       3501       7.791        206.431  54.8
 PME mesh               1   12       3501       4.390        116.327  30.9
 NB X/F buffer ops.     1   12       6966       1.064         28.190   7.5
 Write traj.            1   12          8       0.036          0.966   0.3
 Update                 1   12       3501       0.404         10.716   2.8
 Constraints            1   12       3503       0.342          9.062   2.4
 Rest                                           0.053          1.411   0.4
-----------------------------------------------------------------------------
 Total                                         14.223        376.856 100.0
-----------------------------------------------------------------------------
 Breakdown of PME mesh computation
-----------------------------------------------------------------------------
 PME spread             1   12       3501       1.275         33.775   9.0
 PME gather             1   12       3501       1.622         42.972  11.4
 PME 3D-FFT             1   12       7002       1.287         34.104   9.0
 PME solve Elec         1   12       3501       0.125          3.318   0.9
-----------------------------------------------------------------------------

               Core t (s)   Wall t (s)        (%)
       Time:      170.540       14.223     1199.0
                 (ns/day)    (hour/ns)
Performance:       42.534        0.564
Finished mdrun on rank 0 Fri Sep  2 16:07:15 2022

