              :-) GROMACS - gmx mdrun, 2020.1-Ubuntu-2020.1-1 (-:

                            GROMACS is written by:
     Emile Apol      Rossen Apostolov      Paul Bauer     Herman J.C. Berendsen
    Par Bjelkmar      Christian Blau   Viacheslav Bolnykh     Kevin Boyd    
 Aldert van Buuren   Rudi van Drunen     Anton Feenstra       Alan Gray     
  Gerrit Groenhof     Anca Hamuraru    Vincent Hindriksen  M. Eric Irrgang  
  Aleksei Iupinov   Christoph Junghans     Joe Jordan     Dimitrios Karkoulis
    Peter Kasson        Jiri Kraus      Carsten Kutzner      Per Larsson    
  Justin A. Lemkul    Viveca Lindahl    Magnus Lundborg     Erik Marklund   
    Pascal Merz     Pieter Meulenhoff    Teemu Murtola       Szilard Pall   
    Sander Pronk      Roland Schulz      Michael Shirts    Alexey Shvetsov  
   Alfons Sijbers     Peter Tieleman      Jon Vincent      Teemu Virolainen 
 Christian Wennberg    Maarten Wolf      Artem Zhmurov   
                           and the project leaders:
        Mark Abraham, Berk Hess, Erik Lindahl, and David van der Spoel

Copyright (c) 1991-2000, University of Groningen, The Netherlands.
Copyright (c) 2001-2019, The GROMACS development team at
Uppsala University, Stockholm University and
the Royal Institute of Technology, Sweden.
check out http://www.gromacs.org for more information.

GROMACS is free software; you can redistribute it and/or modify it
under the terms of the GNU Lesser General Public License
as published by the Free Software Foundation; either version 2.1
of the License, or (at your option) any later version.

GROMACS:      gmx mdrun, version 2020.1-Ubuntu-2020.1-1
Executable:   /usr/bin/gmx
Data prefix:  /usr
Working dir:  /mnt/c/Users/Josh/Desktop/git/fragment-screening/scripts/fragment_builder
Process ID:   355
Command line:
  gmx mdrun -s ./combo_folder/nvt.tpr -deffnm nvt

GROMACS version:    2020.1-Ubuntu-2020.1-1
Precision:          single
Memory model:       64 bit
MPI library:        thread_mpi
OpenMP support:     enabled (GMX_OPENMP_MAX_THREADS = 64)
GPU support:        disabled
SIMD instructions:  SSE2
FFT library:        fftw-3.3.8-sse2-avx
RDTSCP usage:       disabled
TNG support:        enabled
Hwloc support:      hwloc-2.1.0
Tracing support:    disabled
C compiler:         /usr/bin/cc GNU 9.3.0
C compiler flags:   -msse2 -fexcess-precision=fast -funroll-all-loops
C++ compiler:       /usr/bin/c++ GNU 9.3.0
C++ compiler flags: -msse2 -fexcess-precision=fast -funroll-all-loops -fopenmp


Running on 1 node with total 6 cores, 12 logical cores
Hardware detected:
  CPU info:
    Vendor: Intel
    Brand:  Intel(R) Core(TM) i7-8750H CPU @ 2.20GHz
    Family: 6   Model: 158   Stepping: 10
    Features: aes apic avx avx2 clfsh cmov cx8 cx16 f16c fma htt intel lahf mmx msr nonstop_tsc pcid pclmuldq pdcm pdpe1gb popcnt pse rdrnd rdtscp sse2 sse3 sse4.1 sse4.2 ssse3 tdt x2apic
  Hardware topology: Basic
    Sockets, cores, and logical processors:
      Socket  0: [   0   1] [   2   3] [   4   5] [   6   7] [   8   9] [  10  11]

Highest SIMD level requested by all nodes in run: AVX2_256
SIMD instructions selected at compile time:       SSE2
This program was compiled for different hardware than you are running on,
which could influence performance.
The current CPU can measure timings more accurately than the code in
gmx mdrun was configured to use. This might affect your simulation
speed as accurate timings are needed for load-balancing.
Please consider rebuilding gmx mdrun with the GMX_USE_RDTSCP=ON CMake option.

++++ PLEASE READ AND CITE THE FOLLOWING REFERENCE ++++
M. J. Abraham, T. Murtola, R. Schulz, S. Páll, J. C. Smith, B. Hess, E.
Lindahl
GROMACS: High performance molecular simulations through multi-level
parallelism from laptops to supercomputers
SoftwareX 1 (2015) pp. 19-25
-------- -------- --- Thank You --- -------- --------


++++ PLEASE READ AND CITE THE FOLLOWING REFERENCE ++++
S. Páll, M. J. Abraham, C. Kutzner, B. Hess, E. Lindahl
Tackling Exascale Software Challenges in Molecular Dynamics Simulations with
GROMACS
In S. Markidis & E. Laure (Eds.), Solving Software Challenges for Exascale 8759 (2015) pp. 3-27
-------- -------- --- Thank You --- -------- --------


++++ PLEASE READ AND CITE THE FOLLOWING REFERENCE ++++
S. Pronk, S. Páll, R. Schulz, P. Larsson, P. Bjelkmar, R. Apostolov, M. R.
Shirts, J. C. Smith, P. M. Kasson, D. van der Spoel, B. Hess, and E. Lindahl
GROMACS 4.5: a high-throughput and highly parallel open source molecular
simulation toolkit
Bioinformatics 29 (2013) pp. 845-54
-------- -------- --- Thank You --- -------- --------


++++ PLEASE READ AND CITE THE FOLLOWING REFERENCE ++++
B. Hess and C. Kutzner and D. van der Spoel and E. Lindahl
GROMACS 4: Algorithms for highly efficient, load-balanced, and scalable
molecular simulation
J. Chem. Theory Comput. 4 (2008) pp. 435-447
-------- -------- --- Thank You --- -------- --------


++++ PLEASE READ AND CITE THE FOLLOWING REFERENCE ++++
D. van der Spoel, E. Lindahl, B. Hess, G. Groenhof, A. E. Mark and H. J. C.
Berendsen
GROMACS: Fast, Flexible and Free
J. Comp. Chem. 26 (2005) pp. 1701-1719
-------- -------- --- Thank You --- -------- --------


++++ PLEASE READ AND CITE THE FOLLOWING REFERENCE ++++
E. Lindahl and B. Hess and D. van der Spoel
GROMACS 3.0: A package for molecular simulation and trajectory analysis
J. Mol. Mod. 7 (2001) pp. 306-317
-------- -------- --- Thank You --- -------- --------


++++ PLEASE READ AND CITE THE FOLLOWING REFERENCE ++++
H. J. C. Berendsen, D. van der Spoel and R. van Drunen
GROMACS: A message-passing parallel molecular dynamics implementation
Comp. Phys. Comm. 91 (1995) pp. 43-56
-------- -------- --- Thank You --- -------- --------

Input Parameters:
   integrator                     = md
   tinit                          = 0
   dt                             = 0.002
   nsteps                         = 10000
   init-step                      = 0
   simulation-part                = 1
   comm-mode                      = Linear
   nstcomm                        = 100
   bd-fric                        = 0
   ld-seed                        = -645006304
   emtol                          = 10
   emstep                         = 0.01
   niter                          = 20
   fcstep                         = 0
   nstcgsteep                     = 1000
   nbfgscorr                      = 10
   rtpi                           = 0.05
   nstxout                        = 0
   nstvout                        = 0
   nstfout                        = 0
   nstlog                         = 500
   nstcalcenergy                  = 100
   nstenergy                      = 500
   nstxout-compressed             = 500
   compressed-x-precision         = 1000
   cutoff-scheme                  = Verlet
   nstlist                        = 20
   pbc                            = xyz
   periodic-molecules             = false
   verlet-buffer-tolerance        = 0.005
   rlist                          = 1.221
   coulombtype                    = PME
   coulomb-modifier               = Potential-shift
   rcoulomb-switch                = 0
   rcoulomb                       = 1.2
   epsilon-r                      = 1
   epsilon-rf                     = inf
   vdw-type                       = Cut-off
   vdw-modifier                   = Force-switch
   rvdw-switch                    = 1
   rvdw                           = 1.2
   DispCorr                       = No
   table-extension                = 1
   fourierspacing                 = 0.16
   fourier-nx                     = 72
   fourier-ny                     = 72
   fourier-nz                     = 72
   pme-order                      = 4
   ewald-rtol                     = 1e-05
   ewald-rtol-lj                  = 0.001
   lj-pme-comb-rule               = Geometric
   ewald-geometry                 = 0
   epsilon-surface                = 0
   tcoupl                         = V-rescale
   nsttcouple                     = 20
   nh-chain-length                = 0
   print-nose-hoover-chain-variables = false
   pcoupl                         = No
   pcoupltype                     = Isotropic
   nstpcouple                     = -1
   tau-p                          = 1
   compressibility (3x3):
      compressibility[    0]={ 0.00000e+00,  0.00000e+00,  0.00000e+00}
      compressibility[    1]={ 0.00000e+00,  0.00000e+00,  0.00000e+00}
      compressibility[    2]={ 0.00000e+00,  0.00000e+00,  0.00000e+00}
   ref-p (3x3):
      ref-p[    0]={ 0.00000e+00,  0.00000e+00,  0.00000e+00}
      ref-p[    1]={ 0.00000e+00,  0.00000e+00,  0.00000e+00}
      ref-p[    2]={ 0.00000e+00,  0.00000e+00,  0.00000e+00}
   refcoord-scaling               = No
   posres-com (3):
      posres-com[0]= 0.00000e+00
      posres-com[1]= 0.00000e+00
      posres-com[2]= 0.00000e+00
   posres-comB (3):
      posres-comB[0]= 0.00000e+00
      posres-comB[1]= 0.00000e+00
      posres-comB[2]= 0.00000e+00
   QMMM                           = false
   QMconstraints                  = 0
   QMMMscheme                     = 0
   MMChargeScaleFactor            = 1
qm-opts:
   ngQM                           = 0
   constraint-algorithm           = Lincs
   continuation                   = false
   Shake-SOR                      = false
   shake-tol                      = 0.0001
   lincs-order                    = 4
   lincs-iter                     = 1
   lincs-warnangle                = 30
   nwall                          = 0
   wall-type                      = 9-3
   wall-r-linpot                  = -1
   wall-atomtype[0]               = -1
   wall-atomtype[1]               = -1
   wall-density[0]                = 0
   wall-density[1]                = 0
   wall-ewald-zfac                = 3
   pull                           = false
   awh                            = false
   rotation                       = false
   interactiveMD                  = false
   disre                          = No
   disre-weighting                = Conservative
   disre-mixed                    = false
   dr-fc                          = 1000
   dr-tau                         = 0
   nstdisreout                    = 100
   orire-fc                       = 0
   orire-tau                      = 0
   nstorireout                    = 100
   free-energy                    = no
   cos-acceleration               = 0
   deform (3x3):
      deform[    0]={ 0.00000e+00,  0.00000e+00,  0.00000e+00}
      deform[    1]={ 0.00000e+00,  0.00000e+00,  0.00000e+00}
      deform[    2]={ 0.00000e+00,  0.00000e+00,  0.00000e+00}
   simulated-tempering            = false
   swapcoords                     = no
   userint1                       = 0
   userint2                       = 0
   userint3                       = 0
   userint4                       = 0
   userreal1                      = 0
   userreal2                      = 0
   userreal3                      = 0
   userreal4                      = 0
   applied-forces:
     electric-field:
       x:
         E0                       = 0
         omega                    = 0
         t0                       = 0
         sigma                    = 0
       y:
         E0                       = 0
         omega                    = 0
         t0                       = 0
         sigma                    = 0
       z:
         E0                       = 0
         omega                    = 0
         t0                       = 0
         sigma                    = 0
     density-guided-simulation:
       active                     = false
       group                      = protein
       similarity-measure         = inner-product
       atom-spreading-weight      = unity
       force-constant             = 1e+09
       gaussian-transform-spreading-width = 0.2
       gaussian-transform-spreading-range-in-multiples-of-width = 4
       reference-density-filename = reference.mrc
       nst                        = 1
       normalize-densities        = true
       adaptive-force-scaling     = false
       adaptive-force-scaling-time-constant = 4
grpopts:
   nrdf:     23287.7     309.996      216735
   ref-t:         300         300         300
   tau-t:         0.1         0.1         0.1
annealing:          No          No          No
annealing-npoints:           0           0           0
   acc:	           0           0           0
   nfreeze:           N           N           N
   energygrp-flags[  0]: 0

Changing nstlist from 20 to 80, rlist from 1.221 to 1.317


Using 1 MPI thread

Non-default thread affinity set, disabling internal thread affinity

Using 12 OpenMP threads 

System total charge: 0.000
Will do PME sum in reciprocal space for electrostatic interactions.

++++ PLEASE READ AND CITE THE FOLLOWING REFERENCE ++++
U. Essmann, L. Perera, M. L. Berkowitz, T. Darden, H. Lee and L. G. Pedersen 
A smooth particle mesh Ewald method
J. Chem. Phys. 103 (1995) pp. 8577-8592
-------- -------- --- Thank You --- -------- --------

Using a Gaussian width (1/beta) of 0.384195 nm for Ewald
Potential shift: LJ r^-12: -2.648e-01 r^-6: -5.349e-01, Ewald -8.333e-06
Initialized non-bonded Coulomb Ewald tables, spacing: 1.02e-03 size: 1176

Generated table with 1158 data points for 1-4 COUL.
Tabscale = 500 points/nm
Generated table with 1158 data points for 1-4 LJ6.
Tabscale = 500 points/nm
Generated table with 1158 data points for 1-4 LJ12.
Tabscale = 500 points/nm

Using SIMD 4x4 nonbonded short-range kernels

Using a dual 4x4 pair-list setup updated with dynamic pruning:
  outer list: updated every 80 steps, buffer 0.117 nm, rlist 1.317 nm
  inner list: updated every 13 steps, buffer 0.001 nm, rlist 1.201 nm
At tolerance 0.005 kJ/mol/ps per atom, equivalent classical 1x1 list would be:
  outer list: updated every 80 steps, buffer 0.261 nm, rlist 1.461 nm
  inner list: updated every 13 steps, buffer 0.051 nm, rlist 1.251 nm

Removing pbc first time

Initializing LINear Constraint Solver

++++ PLEASE READ AND CITE THE FOLLOWING REFERENCE ++++
B. Hess and H. Bekker and H. J. C. Berendsen and J. G. E. M. Fraaije
LINCS: A Linear Constraint Solver for molecular simulations
J. Comp. Chem. 18 (1997) pp. 1463-1472
-------- -------- --- Thank You --- -------- --------

The number of constraints is 4665

++++ PLEASE READ AND CITE THE FOLLOWING REFERENCE ++++
S. Miyamoto and P. A. Kollman
SETTLE: An Analytical Version of the SHAKE and RATTLE Algorithms for Rigid
Water Models
J. Comp. Chem. 13 (1992) pp. 952-962
-------- -------- --- Thank You --- -------- --------


++++ PLEASE READ AND CITE THE FOLLOWING REFERENCE ++++
G. Bussi, D. Donadio and M. Parrinello
Canonical sampling through velocity rescaling
J. Chem. Phys. 126 (2007) pp. 014101
-------- -------- --- Thank You --- -------- --------

There are: 117717 Atoms

Constraining the starting coordinates (step 0)

Constraining the coordinates at t0-dt (step 0)
Center of mass motion removal mode is Linear
We have the following groups for center of mass motion removal:
  0:  rest
RMS relative constraint deviation after constraining: 3.25e-06
Initial temperature: 300.184 K

Started mdrun on rank 0 Tue Jun 14 11:16:24 2022

           Step           Time
              0        0.00000

   Energies (kJ/mol)
           Bond          Angle    Proper Dih.  Improper Dih.          LJ-14
    1.45532e+03    5.94228e+03    2.79415e+04    2.17101e+02    8.09438e+03
     Coulomb-14        LJ (SR)   Coulomb (SR)   Coul. recip.      Potential
    1.01516e+05    2.35711e+05   -2.27803e+06    3.08706e+03   -1.89407e+06
    Kinetic En.   Total Energy  Conserved En.    Temperature Pressure (bar)
    2.99955e+05   -1.59411e+06   -1.59411e+06    3.00219e+02   -4.47970e+03
   Constr. rmsd
    3.20494e-06

           Step           Time
            500        1.00000

   Energies (kJ/mol)
           Bond          Angle    Proper Dih.  Improper Dih.          LJ-14
    6.95334e+03    1.99734e+04    3.10796e+04    1.21753e+03    9.22163e+03
     Coulomb-14        LJ (SR)   Coulomb (SR)   Coul. recip.      Potential
    1.01481e+05    2.07628e+05   -1.94975e+06    5.74024e+03   -1.56645e+06
    Kinetic En.   Total Energy  Conserved En.    Temperature Pressure (bar)
    2.93059e+05   -1.27339e+06   -1.59152e+06    2.93318e+02   -2.35362e+02
   Constr. rmsd
    3.20994e-06

           Step           Time
           1000        2.00000

   Energies (kJ/mol)
           Bond          Angle    Proper Dih.  Improper Dih.          LJ-14
    7.25895e+03    2.02767e+04    3.11070e+04    1.15841e+03    9.32459e+03
     Coulomb-14        LJ (SR)   Coulomb (SR)   Coul. recip.      Potential
    1.01277e+05    2.04683e+05   -1.93473e+06    5.95503e+03   -1.55369e+06
    Kinetic En.   Total Energy  Conserved En.    Temperature Pressure (bar)
    3.00377e+05   -1.25332e+06   -1.59148e+06    3.00641e+02   -1.64549e+02
   Constr. rmsd
    3.25998e-06

           Step           Time
           1500        3.00000

   Energies (kJ/mol)
           Bond          Angle    Proper Dih.  Improper Dih.          LJ-14
    7.52806e+03    1.96444e+04    3.09896e+04    1.16467e+03    9.41341e+03
     Coulomb-14        LJ (SR)   Coulomb (SR)   Coul. recip.      Potential
    1.01577e+05    2.02747e+05   -1.93232e+06    5.97213e+03   -1.55328e+06
    Kinetic En.   Total Energy  Conserved En.    Temperature Pressure (bar)
    2.99835e+05   -1.25345e+06   -1.59145e+06    3.00099e+02   -1.90824e+02
   Constr. rmsd
    3.16010e-06

           Step           Time
           2000        4.00000

   Energies (kJ/mol)
           Bond          Angle    Proper Dih.  Improper Dih.          LJ-14
    7.35955e+03    1.98109e+04    3.10960e+04    1.10725e+03    9.33190e+03
     Coulomb-14        LJ (SR)   Coulomb (SR)   Coul. recip.      Potential
    1.01256e+05    2.02818e+05   -1.93119e+06    6.00177e+03   -1.55241e+06
    Kinetic En.   Total Energy  Conserved En.    Temperature Pressure (bar)
    2.98823e+05   -1.25359e+06   -1.59142e+06    2.99086e+02   -2.50516e+02
   Constr. rmsd
    3.20544e-06

           Step           Time
           2500        5.00000

   Energies (kJ/mol)
           Bond          Angle    Proper Dih.  Improper Dih.          LJ-14
    7.23055e+03    2.03751e+04    3.09773e+04    1.17769e+03    9.23990e+03
     Coulomb-14        LJ (SR)   Coulomb (SR)   Coul. recip.      Potential
    1.01391e+05    2.04553e+05   -1.93040e+06    6.07416e+03   -1.54938e+06
    Kinetic En.   Total Energy  Conserved En.    Temperature Pressure (bar)
    3.00599e+05   -1.24878e+06   -1.59141e+06    3.00864e+02   -1.26992e+02
   Constr. rmsd
    3.37218e-06

           Step           Time
           3000        6.00000

   Energies (kJ/mol)
           Bond          Angle    Proper Dih.  Improper Dih.          LJ-14
    7.19031e+03    2.05005e+04    3.10801e+04    1.17647e+03    9.32428e+03
     Coulomb-14        LJ (SR)   Coulomb (SR)   Coul. recip.      Potential
    1.01392e+05    2.02842e+05   -1.92974e+06    5.93951e+03   -1.55029e+06
    Kinetic En.   Total Energy  Conserved En.    Temperature Pressure (bar)
    3.00793e+05   -1.24950e+06   -1.59138e+06    3.01058e+02   -2.10318e+02
   Constr. rmsd
    3.22087e-06

           Step           Time
           3500        7.00000

   Energies (kJ/mol)
           Bond          Angle    Proper Dih.  Improper Dih.          LJ-14
    7.35254e+03    2.01733e+04    3.09399e+04    1.21584e+03    9.37621e+03
     Coulomb-14        LJ (SR)   Coulomb (SR)   Coul. recip.      Potential
    1.01427e+05    2.02054e+05   -1.92944e+06    6.12996e+03   -1.55077e+06
    Kinetic En.   Total Energy  Conserved En.    Temperature Pressure (bar)
    2.99776e+05   -1.25099e+06   -1.59136e+06    3.00041e+02   -2.49457e+02
   Constr. rmsd
    3.51128e-06

           Step           Time
           4000        8.00000

   Energies (kJ/mol)
           Bond          Angle    Proper Dih.  Improper Dih.          LJ-14
    7.52306e+03    2.05255e+04    3.10714e+04    1.19728e+03    9.16447e+03
     Coulomb-14        LJ (SR)   Coulomb (SR)   Coul. recip.      Potential
    1.01055e+05    2.02886e+05   -1.93100e+06    5.95357e+03   -1.55162e+06
    Kinetic En.   Total Energy  Conserved En.    Temperature Pressure (bar)
    2.98814e+05   -1.25281e+06   -1.59136e+06    2.99077e+02   -3.29438e+02
   Constr. rmsd
    3.34135e-06

           Step           Time
           4500        9.00000

   Energies (kJ/mol)
           Bond          Angle    Proper Dih.  Improper Dih.          LJ-14
    7.35554e+03    1.99602e+04    3.09833e+04    1.22177e+03    9.36037e+03
     Coulomb-14        LJ (SR)   Coulomb (SR)   Coul. recip.      Potential
    1.01430e+05    2.02329e+05   -1.93112e+06    5.91724e+03   -1.55256e+06
    Kinetic En.   Total Energy  Conserved En.    Temperature Pressure (bar)
    3.00763e+05   -1.25180e+06   -1.59137e+06    3.01028e+02   -1.93381e+02
   Constr. rmsd
    3.37798e-06

           Step           Time
           5000       10.00000

   Energies (kJ/mol)
           Bond          Angle    Proper Dih.  Improper Dih.          LJ-14
    7.36422e+03    1.99021e+04    3.11818e+04    1.24766e+03    9.20047e+03
     Coulomb-14        LJ (SR)   Coulomb (SR)   Coul. recip.      Potential
    1.01053e+05    2.03357e+05   -1.93265e+06    5.92542e+03   -1.55342e+06
    Kinetic En.   Total Energy  Conserved En.    Temperature Pressure (bar)
    3.00529e+05   -1.25289e+06   -1.59136e+06    3.00794e+02   -1.40933e+02
   Constr. rmsd
    3.34495e-06

           Step           Time
           5500       11.00000

   Energies (kJ/mol)
           Bond          Angle    Proper Dih.  Improper Dih.          LJ-14
    7.28809e+03    2.01959e+04    3.12190e+04    1.25601e+03    9.21672e+03
     Coulomb-14        LJ (SR)   Coulomb (SR)   Coul. recip.      Potential
    1.01465e+05    2.02064e+05   -1.92939e+06    5.97620e+03   -1.55071e+06
    Kinetic En.   Total Energy  Conserved En.    Temperature Pressure (bar)
    3.00520e+05   -1.25019e+06   -1.59133e+06    3.00785e+02   -2.56846e+02
   Constr. rmsd
    3.27110e-06

           Step           Time
           6000       12.00000

   Energies (kJ/mol)
           Bond          Angle    Proper Dih.  Improper Dih.          LJ-14
    7.23257e+03    2.02232e+04    3.08991e+04    1.25733e+03    9.34201e+03
     Coulomb-14        LJ (SR)   Coulomb (SR)   Coul. recip.      Potential
    1.01308e+05    2.03484e+05   -1.93154e+06    5.86859e+03   -1.55192e+06
    Kinetic En.   Total Energy  Conserved En.    Temperature Pressure (bar)
    3.00128e+05   -1.25179e+06   -1.59132e+06    3.00392e+02   -1.11498e+02
   Constr. rmsd
    3.30009e-06

           Step           Time
           6500       13.00000

   Energies (kJ/mol)
           Bond          Angle    Proper Dih.  Improper Dih.          LJ-14
    7.36182e+03    2.01702e+04    3.09316e+04    1.05757e+03    9.20811e+03
     Coulomb-14        LJ (SR)   Coulomb (SR)   Coul. recip.      Potential
    1.01838e+05    2.01880e+05   -1.92917e+06    5.98623e+03   -1.55074e+06
    Kinetic En.   Total Energy  Conserved En.    Temperature Pressure (bar)
    3.00431e+05   -1.25031e+06   -1.59131e+06    3.00696e+02   -2.31084e+02
   Constr. rmsd
    3.15285e-06



Received the INT signal, stopping within 80 steps

           Step           Time
           6560       13.12000

Writing checkpoint, step 6560 at Tue Jun 14 11:23:36 2022


   Energies (kJ/mol)
           Bond          Angle    Proper Dih.  Improper Dih.          LJ-14
    7.28873e+03    2.00047e+04    3.09849e+04    1.17746e+03    9.37339e+03
     Coulomb-14        LJ (SR)   Coulomb (SR)   Coul. recip.      Potential
    1.01556e+05    2.02180e+05   -1.92874e+06    5.84289e+03   -1.55033e+06
    Kinetic En.   Total Energy  Conserved En.    Temperature Pressure (bar)
    2.99492e+05   -1.25083e+06   -1.59132e+06    2.99756e+02   -1.56914e+02
   Constr. rmsd
    3.40301e-06


	<======  ###############  ==>
	<====  A V E R A G E S  ====>
	<==  ###############  ======>

	Statistics over 6561 steps using 66 frames

   Energies (kJ/mol)
           Bond          Angle    Proper Dih.  Improper Dih.          LJ-14
    7.16880e+03    1.98529e+04    3.09568e+04    1.13741e+03    9.30311e+03
     Coulomb-14        LJ (SR)   Coulomb (SR)   Coul. recip.      Potential
    1.01385e+05    2.05462e+05   -1.94220e+06    5.89088e+03   -1.56104e+06
    Kinetic En.   Total Energy  Conserved En.    Temperature Pressure (bar)
    2.97600e+05   -1.26344e+06   -1.59143e+06    2.97862e+02   -2.26811e+02
   Constr. rmsd
    0.00000e+00

   Total Virial (kJ/mol)
    1.06465e+05    1.52838e+02   -2.58918e+02
    1.55792e+02    1.07815e+05   -3.17380e+02
   -2.62042e+02   -3.12322e+02    1.07876e+05

   Pressure (bar)
   -2.01481e+02   -5.14528e+00    5.20201e+00
   -5.22714e+00   -2.38782e+02    1.00753e+01
    5.28856e+00    9.93519e+00   -2.40170e+02

      T-Protein          T-MRPT-Water_and_ions
    2.98684e+02    3.01814e+02    2.97768e+02


	M E G A - F L O P S   A C C O U N T I N G

 NB=Group-cutoff nonbonded kernels    NxN=N-by-N cluster Verlet kernels
 RF=Reaction-Field  VdW=Van der Waals  QSTab=quadratic-spline table
 W3=SPC/TIP3p  W4=TIP4p (single or pairs)
 V&F=Potential and force  V=Potential only  F=Force only

 Computing:                               M-Number         M-Flops  % Flops
-----------------------------------------------------------------------------
 Pair Search distance check            5088.175478       45793.579     0.2
 NxN QSTab Elec. + LJ [F]            318912.413968    16902357.940    61.1
 NxN QSTab Elec. + LJ [V&F]            3290.170776      266503.833     1.0
 NxN QSTab Elec. [F]                 263393.135488     8955366.607    32.4
 NxN QSTab Elec. [V&F]                 2717.504360      111417.679     0.4
 1,4 nonbonded interactions             161.768016       14559.121     0.1
 Calc Weights                          2317.023711       83412.854     0.3
 Spread Q Bspline                     49429.839168       98859.678     0.4
 Gather F Bspline                     49429.839168      296579.035     1.1
 3D-FFT                               90656.433792      725251.470     2.6
 Solve PME                               34.012224        2176.782     0.0
 Shift-X                                  9.770511          58.623     0.0
 Bonds                                   31.919265        1883.237     0.0
 Angles                                 112.560516       18910.167     0.1
 Propers                                202.859559       46454.839     0.2
 Impropers                               12.597120        2620.201     0.0
 Virial                                   7.890054         142.021     0.0
 Stop-CM                                  7.887039          78.870     0.0
 Calc-Ekin                               77.457786        2091.360     0.0
 Lincs                                   30.616395        1836.984     0.0
 Lincs-Mat                              158.457072         633.828     0.0
 Constraint-V                           770.903760        6167.230     0.0
 Constraint-Vir                           7.558605         181.407     0.0
 Settle                                 236.596150       76420.556     0.3
-----------------------------------------------------------------------------
 Total                                                27659757.902   100.0
-----------------------------------------------------------------------------


     R E A L   C Y C L E   A N D   T I M E   A C C O U N T I N G

On 1 MPI rank, each using 12 OpenMP threads

 Computing:          Num   Num      Call    Wall time         Giga-Cycles
                     Ranks Threads  Count      (s)         total sum    %
-----------------------------------------------------------------------------
 Neighbor search        1   12         83       3.802        100.742   0.9
 Force                  1   12       6561     299.974       7948.110  69.4
 PME mesh               1   12       6561      77.210       2045.744  17.9
 NB X/F buffer ops.     1   12      13039      31.319        829.821   7.2
 Write traj.            1   12         15       0.213          5.643   0.0
 Update                 1   12       6561       9.844        260.815   2.3
 Constraints            1   12       6563       9.491        251.475   2.2
 Rest                                           0.574         15.208   0.1
-----------------------------------------------------------------------------
 Total                                        432.426      11457.558 100.0
-----------------------------------------------------------------------------
 Breakdown of PME mesh computation
-----------------------------------------------------------------------------
 PME spread             1   12       6561      33.393        884.782   7.7
 PME gather             1   12       6561      26.152        692.931   6.0
 PME 3D-FFT             1   12      13122      14.309        379.128   3.3
 PME solve Elec         1   12       6561       0.596         15.791   0.1
-----------------------------------------------------------------------------

               Core t (s)   Wall t (s)        (%)
       Time:     5189.009      432.426     1200.0
                 (ns/day)    (hour/ns)
Performance:        2.622        9.154
Finished mdrun on rank 0 Tue Jun 14 11:23:36 2022

